model-1588398318,1588398318.321,0.52,0.2498,0.47,0.2543
model-1588398318,1588398318.35,0.6,0.2416,0.49,0.2824
model-1588398318,1588398318.377,0.41,0.3162,0.56,0.2455
model-1588398318,1588398318.404,0.52,0.2523,0.58,0.246
model-1588398318,1588398318.433,0.55,0.2473,0.46,0.2512
model-1588398318,1588398318.46,0.4,0.2526,0.46,0.2501
model-1588398318,1588398318.491,0.45,0.2502,0.44,0.2505
model-1588398318,1588398318.521,0.48,0.2502,0.46,0.2507
model-1588398318,1588398318.55,0.53,0.2496,0.55,0.2491
model-1588398318,1588398318.577,0.45,0.2511,0.47,0.2507
model-1588398318,1588398318.604,0.51,0.2499,0.54,0.2493
model-1588398318,1588398318.632,0.54,0.2493,0.54,0.2492
model-1588398318,1588398318.662,0.55,0.249,0.51,0.2498
model-1588398318,1588398318.689,0.53,0.2493,0.47,0.2511
model-1588398318,1588398318.715,0.5,0.2502,0.49,0.2503
model-1588398318,1588398318.742,0.55,0.2485,0.52,0.2493
model-1588398318,1588398318.772,0.57,0.2477,0.62,0.2452
model-1588398318,1588398318.798,0.49,0.2509,0.44,0.2532
model-1588398318,1588398318.825,0.5,0.2503,0.48,0.2514
model-1588398318,1588398318.852,0.53,0.2491,0.59,0.2465
model-1588398318,1588398318.881,0.47,0.2513,0.56,0.2481
model-1588398318,1588398318.908,0.47,0.2509,0.57,0.2492
model-1588398318,1588398318.935,0.64,0.2484,0.53,0.2495
model-1588398318,1588398318.961,0.63,0.2489,0.57,0.248
model-1588398318,1588398318.991,0.58,0.2478,0.56,0.2455
model-1588398318,1588398319.018,0.39,0.2562,0.56,0.2465
model-1588398318,1588398319.046,0.48,0.2507,0.51,0.2487
model-1588398318,1588398319.073,0.5,0.249,0.49,0.25
model-1588398318,1588398319.103,0.5,0.2497,0.61,0.2467
model-1588398318,1588398319.13,0.5,0.2483,0.55,0.25
model-1588398318,1588398319.157,0.62,0.2483,0.57,0.2494
model-1588398318,1588398319.187,0.65,0.2482,0.52,0.2487
model-1588398318,1588398319.219,0.49,0.2498,0.54,0.2494
model-1588398318,1588398319.246,0.54,0.2485,0.53,0.2494
model-1588398318,1588398319.273,0.48,0.2507,0.52,0.2497
model-1588398318,1588398319.3,0.52,0.2491,0.59,0.2472
model-1588398318,1588398319.331,0.58,0.2477,0.57,0.2486
model-1588398318,1588398319.357,0.53,0.2485,0.59,0.2473
model-1588398318,1588398319.384,0.66,0.2446,0.5,0.2501
model-1588398318,1588398319.41,0.57,0.2468,0.59,0.2465
model-1588398318,1588398319.442,0.53,0.2471,0.64,0.2456
model-1588398318,1588398319.469,0.62,0.2469,0.58,0.2462
model-1588398318,1588398319.497,0.48,0.2483,0.67,0.2427
model-1588398318,1588398319.529,0.56,0.2468,0.53,0.2479
model-1588398318,1588398319.559,0.57,0.2481,0.61,0.2458
model-1588398318,1588398319.586,0.58,0.243,0.59,0.2468
model-1588398318,1588398319.613,0.5,0.249,0.52,0.2484
model-1588398318,1588398319.639,0.48,0.2483,0.61,0.2445
model-1588398318,1588398319.669,0.62,0.2412,0.61,0.2364
model-1588398318,1588398319.695,0.62,0.2429,0.53,0.247
model-1588398318,1588398319.722,0.51,0.249,0.52,0.252
model-1588398318,1588398319.749,0.49,0.2507,0.66,0.2371
model-1588398318,1588398319.778,0.55,0.2454,0.56,0.2478
model-1588398318,1588398319.804,0.55,0.2485,0.53,0.2471
model-1588398318,1588398319.836,0.53,0.2501,0.54,0.2425
model-1588398318,1588398319.866,0.61,0.2365,0.69,0.2314
model-1588398318,1588398319.897,0.52,0.2473,0.66,0.2348
model-1588398318,1588398319.924,0.6,0.2447,0.6,0.2449
model-1588398318,1588398319.951,0.56,0.2438,0.68,0.2331
model-1588398318,1588398319.978,0.59,0.2475,0.62,0.238
model-1588398318,1588398320.008,0.55,0.243,0.57,0.2434
model-1588398318,1588398320.035,0.67,0.235,0.64,0.2329
model-1588398318,1588398320.062,0.6,0.2403,0.56,0.2453
model-1588398318,1588398320.088,0.61,0.2429,0.62,0.2367
model-1588398318,1588398320.118,0.64,0.2343,0.54,0.2514
model-1588398318,1588398320.145,0.5,0.2458,0.66,0.2325
model-1588398318,1588398320.171,0.53,0.2402,0.63,0.2351
model-1588398318,1588398320.201,0.6,0.2386,0.6,0.2404
model-1588398318,1588398320.234,0.56,0.2422,0.55,0.246
model-1588398318,1588398320.261,0.58,0.2434,0.61,0.2407
model-1588398318,1588398320.288,0.56,0.2447,0.64,0.2321
model-1588398318,1588398320.315,0.62,0.2395,0.69,0.2205
model-1588398318,1588398320.345,0.65,0.2292,0.62,0.2277
model-1588398318,1588398320.372,0.52,0.2544,0.46,0.2597
model-1588398318,1588398320.399,0.64,0.2202,0.64,0.22
model-1588398318,1588398320.425,0.52,0.2441,0.61,0.2328
model-1588398318,1588398320.455,0.53,0.2452,0.56,0.2451
model-1588398318,1588398320.481,0.53,0.2409,0.58,0.2328
model-1588398318,1588398320.508,0.5,0.2543,0.58,0.2361
model-1588398318,1588398320.539,0.56,0.2454,0.51,0.2428
model-1588398318,1588398320.569,0.57,0.2359,0.71,0.222
model-1588398318,1588398320.595,0.69,0.2186,0.62,0.228
model-1588398318,1588398320.622,0.62,0.2294,0.66,0.2242
model-1588398318,1588398320.649,0.53,0.248,0.61,0.2324
model-1588398318,1588398320.679,0.54,0.2499,0.66,0.2315
model-1588398318,1588398320.706,0.6,0.2363,0.64,0.2298
model-1588398318,1588398320.736,0.55,0.2385,0.52,0.2324
model-1588398318,1588398320.762,0.62,0.2336,0.56,0.2422
model-1588398318,1588398320.792,0.58,0.2466,0.54,0.245
model-1588398318,1588398320.819,0.55,0.2443,0.68,0.2188
model-1588398318,1588398320.846,0.63,0.2311,0.6,0.234
model-1588398318,1588398320.873,0.62,0.2276,0.56,0.2297
model-1588398318,1588398320.904,0.54,0.2465,0.59,0.2336
model-1588398318,1588398320.932,0.56,0.2377,0.58,0.2383
model-1588398318,1588398320.959,0.6,0.2346,0.58,0.2372
model-1588398318,1588398320.986,0.68,0.2266,0.73,0.2069
model-1588398318,1588398321.015,0.56,0.243,0.61,0.2287
model-1588398318,1588398321.043,0.6,0.2317,0.67,0.2193
model-1588398318,1588398321.069,0.6,0.2279,0.62,0.217
model-1588398318,1588398321.096,0.55,0.2421,0.68,0.2086
model-1588398318,1588398321.126,0.63,0.236,0.66,0.2206
model-1588398318,1588398321.153,0.64,0.2289,0.57,0.2377
model-1588398318,1588398321.179,0.56,0.2487,0.67,0.2103
model-1588398318,1588398321.207,0.56,0.2395,0.68,0.2173
model-1588398318,1588398321.245,0.63,0.2154,0.67,0.2171
model-1588398318,1588398321.272,0.63,0.2225,0.64,0.2144
model-1588398318,1588398321.299,0.57,0.2381,0.63,0.2307
model-1588398318,1588398321.326,0.63,0.2236,0.56,0.2487
model-1588398318,1588398321.356,0.55,0.2551,0.55,0.251
model-1588398318,1588398321.383,0.57,0.2388,0.6,0.2251
model-1588398318,1588398321.409,0.62,0.2266,0.7,0.208
model-1588398318,1588398321.436,0.7,0.2216,0.57,0.2342
model-1588398318,1588398321.466,0.53,0.2533,0.54,0.2491
model-1588398318,1588398321.493,0.51,0.2491,0.62,0.2153
model-1588398318,1588398321.52,0.62,0.2317,0.65,0.226
model-1588398318,1588398321.55,0.64,0.2318,0.65,0.2273
model-1588398318,1588398321.583,0.63,0.2352,0.73,0.2174
model-1588398318,1588398321.609,0.53,0.2446,0.63,0.2439
model-1588398318,1588398321.636,0.55,0.2453,0.61,0.2341
model-1588398318,1588398321.663,0.67,0.2189,0.59,0.2497
model-1588398318,1588398321.692,0.58,0.2432,0.64,0.2442
model-1588398318,1588398321.72,0.45,0.2568,0.53,0.2434
model-1588398318,1588398321.748,0.55,0.2418,0.63,0.2293
model-1588398318,1588398321.775,0.64,0.2357,0.65,0.2267
model-1588398318,1588398321.804,0.55,0.2436,0.74,0.2128
model-1588398318,1588398321.83,0.54,0.2445,0.67,0.2251
model-1588398318,1588398321.857,0.62,0.2303,0.63,0.2256
model-1588398318,1588398321.883,0.63,0.2243,0.58,0.23
model-1588398318,1588398321.912,0.61,0.2277,0.61,0.2282
model-1588398318,1588398321.939,0.63,0.228,0.65,0.2321
model-1588398318,1588398321.966,0.66,0.2239,0.53,0.2443
model-1588398318,1588398321.992,0.55,0.2382,0.53,0.2591
model-1588398318,1588398322.022,0.6,0.2346,0.57,0.2306
model-1588398318,1588398322.049,0.63,0.2231,0.71,0.2008
model-1588398318,1588398322.076,0.69,0.2181,0.76,0.2056
model-1588398318,1588398322.103,0.59,0.2339,0.66,0.2218
model-1588398318,1588398322.135,0.68,0.2217,0.63,0.2171
model-1588398318,1588398322.162,0.6,0.2368,0.63,0.2296
model-1588398318,1588398322.189,0.58,0.2417,0.63,0.2249
model-1588398318,1588398322.216,0.69,0.2089,0.71,0.2118
model-1588398318,1588398322.25,0.73,0.2045,0.56,0.2437
model-1588398318,1588398322.277,0.63,0.222,0.61,0.2255
model-1588398318,1588398322.304,0.58,0.2433,0.69,0.2043
model-1588398318,1588398322.33,0.63,0.2222,0.65,0.2127
model-1588398318,1588398322.36,0.63,0.2252,0.6,0.226
model-1588398318,1588398322.386,0.55,0.245,0.56,0.2408
model-1588398318,1588398322.413,0.64,0.2121,0.65,0.2207
model-1588398318,1588398322.44,0.6,0.2395,0.64,0.228
model-1588398318,1588398322.469,0.6,0.2225,0.71,0.203
model-1588398318,1588398322.496,0.57,0.2291,0.51,0.255
model-1588398318,1588398322.525,0.6,0.2375,0.69,0.2083
model-1588398318,1588398322.552,0.65,0.2167,0.7,0.2022
model-1588398318,1588398322.585,0.54,0.2462,0.62,0.2202
model-1588398318,1588398322.612,0.6,0.2567,0.51,0.2466
model-1588398318,1588398322.639,0.63,0.2308,0.6,0.241
model-1588398318,1588398322.666,0.58,0.226,0.67,0.2152
model-1588398318,1588398322.695,0.57,0.2363,0.61,0.24
model-1588398318,1588398322.722,0.66,0.2195,0.63,0.2286
model-1588398318,1588398322.748,0.63,0.2213,0.69,0.206
model-1588398318,1588398322.776,0.64,0.2232,0.6,0.235
model-1588398318,1588398322.805,0.59,0.2348,0.53,0.2338
model-1588398318,1588398322.831,0.61,0.2266,0.7,0.2107
model-1588398318,1588398322.858,0.6,0.2349,0.62,0.2299
model-1588398318,1588398322.884,0.56,0.2469,0.56,0.2366
model-1588398318,1588398322.913,0.65,0.2233,0.75,0.2028
model-1588398318,1588398322.946,0.64,0.2171,0.69,0.222
model-1588398318,1588398322.975,0.68,0.2121,0.69,0.2114
model-1588398318,1588398323.002,0.67,0.2137,0.64,0.2358
model-1588398318,1588398323.031,0.64,0.2274,0.66,0.2039
model-1588398318,1588398323.058,0.6,0.2223,0.69,0.2134
model-1588398318,1588398323.085,0.59,0.2414,0.6,0.2336
model-1588398318,1588398323.111,0.59,0.235,0.57,0.2289
model-1588398318,1588398323.14,0.7,0.2006,0.67,0.2174
model-1588398318,1588398323.167,0.69,0.215,0.74,0.1931
model-1588398318,1588398323.193,0.64,0.2159,0.61,0.2352
model-1588398318,1588398323.221,0.68,0.2077,0.71,0.2147
model-1588398318,1588398323.253,0.64,0.2304,0.61,0.2406
model-1588398318,1588398323.28,0.6,0.2327,0.66,0.2276
model-1588398318,1588398323.307,0.61,0.2412,0.63,0.2323
model-1588398318,1588398323.334,0.64,0.2349,0.63,0.2299
model-1588398318,1588398323.365,0.7,0.2022,0.63,0.2292
model-1588398318,1588398323.391,0.55,0.2451,0.71,0.1992
model-1588398318,1588398323.418,0.62,0.2274,0.71,0.2148
model-1588398318,1588398323.446,0.67,0.2208,0.75,0.2042
model-1588398318,1588398323.475,0.73,0.1923,0.62,0.2275
model-1588398318,1588398323.502,0.64,0.2329,0.54,0.2443
model-1588398318,1588398323.528,0.64,0.226,0.59,0.2376
model-1588398318,1588398323.555,0.63,0.2198,0.68,0.1947
model-1588398318,1588398323.584,0.66,0.2082,0.67,0.2222
model-1588398318,1588398323.615,0.69,0.2013,0.69,0.2088
model-1588398318,1588398323.642,0.65,0.2157,0.58,0.2307
model-1588398318,1588398323.67,0.68,0.2104,0.72,0.1988
model-1588398318,1588398323.699,0.62,0.2262,0.64,0.2113
model-1588398318,1588398323.725,0.6,0.2151,0.63,0.2301
model-1588398318,1588398323.751,0.63,0.2286,0.62,0.2171
model-1588398318,1588398323.778,0.64,0.2197,0.67,0.195
model-1588398318,1588398323.808,0.67,0.2077,0.61,0.2212
model-1588398318,1588398323.834,0.63,0.2361,0.54,0.2518
model-1588398318,1588398323.86,0.64,0.2199,0.61,0.2301
model-1588398318,1588398323.89,0.61,0.2195,0.59,0.2395
model-1588398318,1588398323.919,0.64,0.2108,0.72,0.2054
model-1588398318,1588398323.948,0.63,0.2226,0.62,0.2339
model-1588398318,1588398323.974,0.66,0.21,0.64,0.2105
model-1588398318,1588398324.0,0.62,0.2243,0.63,0.2141
model-1588398318,1588398324.03,0.63,0.2104,0.64,0.2359
model-1588398318,1588398324.056,0.6,0.2323,0.62,0.2328
model-1588398318,1588398324.083,0.64,0.2282,0.65,0.2091
model-1588398318,1588398324.109,0.6,0.2234,0.74,0.1953
model-1588398318,1588398324.139,0.63,0.2197,0.72,0.207
model-1588398318,1588398324.166,0.72,0.2008,0.69,0.2069
model-1588398318,1588398324.193,0.66,0.2181,0.72,0.196
model-1588398318,1588398324.22,0.61,0.2183,0.67,0.2084
model-1588398318,1588398324.251,0.65,0.219,0.67,0.199
model-1588398318,1588398324.282,0.64,0.2077,0.64,0.1963
model-1588398318,1588398324.308,0.67,0.2313,0.72,0.1825
model-1588398318,1588398324.336,0.71,0.2099,0.64,0.2003
model-1588398318,1588398324.365,0.64,0.2169,0.73,0.1919
model-1588398318,1588398324.393,0.65,0.2123,0.71,0.1896
model-1588398318,1588398324.419,0.66,0.2206,0.63,0.2154
model-1588398318,1588398324.448,0.68,0.1948,0.73,0.1981
model-1588398318,1588398324.478,0.66,0.2112,0.72,0.2112
model-1588398318,1588398324.505,0.67,0.2186,0.75,0.1847
model-1588398318,1588398324.532,0.61,0.2257,0.64,0.2133
model-1588398318,1588398324.558,0.65,0.2033,0.71,0.1891
model-1588398318,1588398324.58,0.69,0.2208,0.65,0.224
model-1588398318,1588398324.615,0.76,0.1914,0.51,0.2741
model-1588398318,1588398324.645,0.65,0.209,0.62,0.2427
model-1588398318,1588398324.672,0.47,0.2828,0.5,0.2662
model-1588398318,1588398324.699,0.59,0.2265,0.6,0.2261
model-1588398318,1588398324.729,0.66,0.226,0.67,0.2032
model-1588398318,1588398324.756,0.66,0.2202,0.67,0.2076
model-1588398318,1588398324.785,0.6,0.2246,0.7,0.1974
model-1588398318,1588398324.811,0.59,0.2406,0.64,0.2079
model-1588398318,1588398324.842,0.62,0.2281,0.71,0.2035
model-1588398318,1588398324.869,0.68,0.2094,0.67,0.2089
model-1588398318,1588398324.895,0.7,0.199,0.79,0.2047
model-1588398318,1588398324.921,0.62,0.2128,0.64,0.2137
model-1588398318,1588398324.951,0.65,0.2378,0.72,0.1941
model-1588398318,1588398324.977,0.67,0.2089,0.61,0.238
model-1588398318,1588398325.004,0.61,0.2423,0.61,0.237
model-1588398318,1588398325.031,0.61,0.2239,0.61,0.2386
model-1588398318,1588398325.061,0.64,0.2118,0.62,0.2162
model-1588398318,1588398325.088,0.61,0.2369,0.69,0.1988
model-1588398318,1588398325.114,0.66,0.2046,0.72,0.1991
model-1588398318,1588398325.144,0.66,0.2158,0.62,0.2137
model-1588398318,1588398325.174,0.74,0.1873,0.75,0.1792
model-1588398318,1588398325.204,0.67,0.2183,0.71,0.2086
model-1588398318,1588398325.231,0.68,0.2083,0.68,0.2053
model-1588398318,1588398325.259,0.72,0.194,0.67,0.2195
model-1588398318,1588398325.294,0.62,0.2245,0.68,0.1933
model-1588398318,1588398325.321,0.68,0.2161,0.72,0.2113
model-1588398318,1588398325.351,0.66,0.2279,0.62,0.2174
model-1588398318,1588398325.38,0.7,0.2136,0.63,0.221
model-1588398318,1588398325.409,0.65,0.2058,0.59,0.2603
model-1588398318,1588398325.437,0.67,0.2163,0.71,0.2084
model-1588398318,1588398325.464,0.65,0.2052,0.67,0.22
model-1588398318,1588398325.49,0.67,0.209,0.7,0.1887
model-1588398318,1588398325.519,0.65,0.2214,0.68,0.1909
model-1588398318,1588398325.547,0.56,0.2311,0.62,0.2197
model-1588398318,1588398325.575,0.61,0.2346,0.67,0.2186
model-1588398318,1588398325.602,0.72,0.2039,0.63,0.2145
model-1588398318,1588398325.634,0.72,0.2006,0.66,0.2398
model-1588398318,1588398325.664,0.64,0.2199,0.65,0.2095
model-1588398318,1588398325.691,0.69,0.2015,0.65,0.2133
model-1588398318,1588398325.717,0.68,0.211,0.66,0.2193
model-1588398318,1588398325.747,0.63,0.2052,0.65,0.2132
model-1588398318,1588398325.774,0.67,0.2111,0.7,0.193
model-1588398318,1588398325.803,0.59,0.2178,0.72,0.1858
model-1588398318,1588398325.831,0.7,0.2045,0.74,0.1799
model-1588398318,1588398325.861,0.64,0.2283,0.67,0.209
model-1588398318,1588398325.888,0.76,0.172,0.7,0.1823
model-1588398318,1588398325.914,0.68,0.2085,0.77,0.1716
model-1588398318,1588398325.941,0.6,0.2531,0.68,0.2011
model-1588398318,1588398325.971,0.66,0.2177,0.72,0.1762
model-1588398318,1588398325.998,0.74,0.1869,0.7,0.1948
model-1588398318,1588398326.027,0.65,0.2235,0.66,0.219
model-1588398318,1588398326.055,0.63,0.2045,0.71,0.1963
model-1588398318,1588398326.085,0.66,0.2325,0.69,0.2098
model-1588398318,1588398326.111,0.61,0.2338,0.69,0.1856
model-1588398318,1588398326.138,0.71,0.192,0.68,0.2067
model-1588398318,1588398326.165,0.73,0.1947,0.74,0.1777
model-1588398318,1588398326.194,0.62,0.2202,0.65,0.1993
model-1588398318,1588398326.22,0.69,0.1999,0.69,0.185
model-1588398318,1588398326.247,0.72,0.1866,0.72,0.1894
model-1588398318,1588398326.274,0.71,0.2033,0.75,0.1982
model-1588398318,1588398326.307,0.73,0.1897,0.61,0.2264
model-1588398318,1588398326.334,0.73,0.1774,0.7,0.1902
model-1588398318,1588398326.361,0.69,0.1858,0.69,0.2001
model-1588398318,1588398326.387,0.66,0.1995,0.66,0.2146
model-1588398318,1588398326.417,0.69,0.2129,0.66,0.2163
model-1588398318,1588398326.445,0.61,0.2209,0.68,0.2174
model-1588398318,1588398326.472,0.71,0.1986,0.7,0.2074
model-1588398318,1588398326.499,0.73,0.1967,0.73,0.2002
model-1588398318,1588398326.529,0.65,0.2052,0.74,0.1786
model-1588398318,1588398326.555,0.68,0.1835,0.65,0.2202
model-1588398318,1588398326.582,0.67,0.217,0.65,0.2189
model-1588398318,1588398326.609,0.74,0.1961,0.67,0.2233
model-1588398318,1588398326.638,0.68,0.2008,0.67,0.2017
model-1588398318,1588398326.668,0.62,0.2331,0.71,0.1863
model-1588398318,1588398326.696,0.65,0.2065,0.67,0.2021
model-1588398318,1588398326.722,0.65,0.2274,0.72,0.1819
model-1588398318,1588398326.753,0.66,0.227,0.64,0.2207
model-1588398318,1588398326.78,0.72,0.195,0.66,0.2157
model-1588398318,1588398326.806,0.64,0.222,0.63,0.2232
model-1588398318,1588398326.833,0.62,0.2381,0.72,0.194
model-1588398318,1588398326.863,0.64,0.206,0.65,0.2246
model-1588398318,1588398326.892,0.64,0.2117,0.71,0.1921
model-1588398318,1588398326.918,0.74,0.2007,0.71,0.1949
model-1588398318,1588398326.947,0.65,0.2268,0.74,0.1822
model-1588398318,1588398326.976,0.68,0.2218,0.72,0.2045
model-1588398318,1588398327.002,0.64,0.2041,0.61,0.2148
model-1588398318,1588398327.029,0.66,0.2085,0.72,0.1757
model-1588398318,1588398327.056,0.66,0.2024,0.69,0.2203
model-1588398318,1588398327.085,0.67,0.2182,0.74,0.1833
model-1588398318,1588398327.114,0.66,0.2084,0.67,0.2081
model-1588398318,1588398327.151,0.75,0.1883,0.62,0.2346
model-1588398318,1588398327.178,0.63,0.2135,0.56,0.2557
model-1588398318,1588398327.208,0.63,0.2351,0.69,0.2176
model-1588398318,1588398327.235,0.64,0.2266,0.75,0.1819
model-1588398318,1588398327.266,0.69,0.2012,0.69,0.209
model-1588398318,1588398327.298,0.72,0.1793,0.78,0.1728
model-1588398318,1588398327.33,0.66,0.1948,0.68,0.1981
model-1588398318,1588398327.357,0.68,0.2144,0.65,0.2176
model-1588398318,1588398327.383,0.64,0.2196,0.66,0.2178
model-1588398318,1588398327.409,0.75,0.1861,0.66,0.2046
model-1588398318,1588398327.439,0.7,0.195,0.67,0.2041
model-1588398318,1588398327.466,0.67,0.2084,0.7,0.1991
model-1588398318,1588398327.493,0.68,0.2128,0.76,0.1709
model-1588398318,1588398327.52,0.63,0.2288,0.73,0.1701
model-1588398318,1588398327.549,0.74,0.1833,0.6,0.2203
model-1588398318,1588398327.575,0.68,0.1968,0.61,0.2306
model-1588398318,1588398327.602,0.67,0.2097,0.7,0.194
model-1588398318,1588398327.629,0.76,0.177,0.66,0.2098
model-1588398318,1588398327.659,0.69,0.225,0.61,0.2203
model-1588398318,1588398327.689,0.7,0.2254,0.6,0.2438
model-1588398318,1588398327.717,0.62,0.2431,0.72,0.1764
model-1588398318,1588398327.744,0.62,0.2174,0.73,0.183
model-1588398318,1588398327.774,0.61,0.2187,0.73,0.1793
model-1588398318,1588398327.801,0.58,0.2321,0.6,0.245
model-1588398318,1588398327.828,0.69,0.2079,0.69,0.2151
model-1588398318,1588398327.854,0.69,0.1963,0.71,0.1874
model-1588398318,1588398327.884,0.68,0.2246,0.66,0.211
model-1588398318,1588398327.911,0.54,0.2411,0.71,0.2016
model-1588398318,1588398327.938,0.65,0.2149,0.65,0.211
model-1588398318,1588398327.965,0.71,0.2025,0.66,0.2097
model-1588398318,1588398327.994,0.68,0.2148,0.73,0.1988
model-1588398318,1588398328.022,0.6,0.2246,0.67,0.2008
model-1588398318,1588398328.048,0.66,0.2089,0.79,0.1591
model-1588398318,1588398328.075,0.69,0.2029,0.72,0.2036
model-1588398318,1588398328.106,0.73,0.187,0.67,0.2125
model-1588398318,1588398328.134,0.64,0.2307,0.67,0.1931
model-1588398318,1588398328.161,0.69,0.2117,0.68,0.2005
model-1588398318,1588398328.188,0.73,0.1902,0.73,0.1718
model-1588398318,1588398328.218,0.76,0.1813,0.76,0.1676
model-1588398318,1588398328.245,0.69,0.1858,0.71,0.1936
model-1588398318,1588398328.272,0.73,0.1916,0.64,0.2196
model-1588398318,1588398328.298,0.69,0.2106,0.68,0.2224
model-1588398318,1588398328.332,0.67,0.196,0.74,0.1813
model-1588398318,1588398328.359,0.72,0.1754,0.76,0.1828
model-1588398318,1588398328.385,0.72,0.1713,0.69,0.2024
model-1588398318,1588398328.412,0.66,0.2098,0.69,0.2153
model-1588398318,1588398328.442,0.75,0.1717,0.78,0.1652
model-1588398318,1588398328.469,0.7,0.1941,0.7,0.2178
model-1588398318,1588398328.496,0.7,0.214,0.7,0.1904
model-1588398318,1588398328.526,0.75,0.1785,0.77,0.1641
model-1588398318,1588398328.556,0.78,0.1688,0.72,0.1895
model-1588398318,1588398328.583,0.76,0.1729,0.65,0.2117
model-1588398318,1588398328.61,0.64,0.2264,0.79,0.1505
model-1588398318,1588398328.637,0.77,0.1763,0.78,0.161
model-1588398318,1588398328.667,0.65,0.1955,0.64,0.2127
model-1588398318,1588398328.693,0.69,0.2217,0.74,0.1739
model-1588398318,1588398328.724,0.78,0.1651,0.79,0.1633
model-1588398318,1588398328.751,0.65,0.2233,0.79,0.167
model-1588398318,1588398328.78,0.74,0.1901,0.71,0.2076
model-1588398318,1588398328.807,0.71,0.1704,0.67,0.2195
model-1588398318,1588398328.833,0.72,0.2044,0.7,0.2071
model-1588398318,1588398328.862,0.8,0.1559,0.66,0.2246
model-1588398318,1588398328.891,0.66,0.2222,0.77,0.1683
model-1588398318,1588398328.918,0.63,0.2339,0.7,0.2141
model-1588398318,1588398328.945,0.72,0.19,0.74,0.1896
model-1588398318,1588398328.972,0.74,0.1864,0.71,0.1904
model-1588398318,1588398329.002,0.65,0.2203,0.65,0.2407
model-1588398318,1588398329.029,0.67,0.2133,0.67,0.218
model-1588398318,1588398329.056,0.67,0.2131,0.7,0.1978
model-1588398318,1588398329.083,0.76,0.1951,0.72,0.1864
model-1588398318,1588398329.112,0.64,0.2144,0.68,0.2088
model-1588398318,1588398329.139,0.67,0.2,0.69,0.2083
model-1588398318,1588398329.165,0.67,0.2131,0.7,0.2008
model-1588398318,1588398329.192,0.62,0.2536,0.6,0.2442
model-1588398318,1588398329.222,0.7,0.2106,0.72,0.1987
model-1588398318,1588398329.253,0.73,0.1838,0.7,0.2174
model-1588398318,1588398329.28,0.72,0.1785,0.69,0.2116
model-1588398318,1588398329.307,0.75,0.1591,0.69,0.2095
model-1588398318,1588398329.341,0.66,0.2091,0.66,0.2018
model-1588398318,1588398329.368,0.72,0.1948,0.78,0.1611
model-1588398318,1588398329.395,0.7,0.1975,0.69,0.2211
model-1588398318,1588398329.422,0.65,0.2221,0.62,0.2228
model-1588398318,1588398329.451,0.72,0.2045,0.7,0.1958
model-1588398318,1588398329.478,0.76,0.1714,0.62,0.223
model-1588398318,1588398329.505,0.73,0.1905,0.67,0.2231
model-1588398318,1588398329.532,0.72,0.1954,0.73,0.1698
model-1588398318,1588398329.561,0.69,0.2066,0.79,0.1646
model-1588398318,1588398329.587,0.66,0.2201,0.67,0.1859
model-1588398318,1588398329.616,0.62,0.2214,0.69,0.1866
model-1588398318,1588398329.646,0.64,0.222,0.73,0.1766
model-1588398318,1588398329.676,0.77,0.1487,0.65,0.2104
model-1588398318,1588398329.703,0.63,0.2186,0.72,0.2105
model-1588398318,1588398329.733,0.65,0.2305,0.73,0.1821
model-1588398318,1588398329.76,0.72,0.1918,0.74,0.1782
model-1588398318,1588398329.79,0.77,0.1793,0.62,0.2319
model-1588398318,1588398329.816,0.69,0.1984,0.71,0.182
model-1588398318,1588398329.843,0.72,0.194,0.73,0.1907
model-1588398318,1588398329.87,0.75,0.1881,0.69,0.1838
model-1588398318,1588398329.899,0.74,0.1785,0.75,0.1871
model-1588398318,1588398329.925,0.75,0.1867,0.7,0.1886
model-1588398318,1588398329.952,0.65,0.2145,0.67,0.2179
model-1588398318,1588398329.98,0.72,0.181,0.73,0.1857
model-1588398318,1588398330.01,0.67,0.2067,0.69,0.213
model-1588398318,1588398330.037,0.69,0.1871,0.71,0.1781
model-1588398318,1588398330.065,0.7,0.2068,0.69,0.1824
model-1588398318,1588398330.092,0.7,0.1889,0.62,0.2228
model-1588398318,1588398330.123,0.69,0.1771,0.67,0.2116
model-1588398318,1588398330.149,0.75,0.1907,0.64,0.2281
model-1588398318,1588398330.176,0.68,0.1952,0.64,0.2254
model-1588398318,1588398330.203,0.76,0.1711,0.66,0.2129
model-1588398318,1588398330.233,0.74,0.1748,0.69,0.1951
model-1588398318,1588398330.26,0.67,0.2127,0.73,0.1589
model-1588398318,1588398330.287,0.74,0.2012,0.7,0.1948
model-1588398318,1588398330.314,0.69,0.1846,0.74,0.1676
model-1588398318,1588398330.346,0.7,0.1758,0.66,0.2126
model-1588398318,1588398330.373,0.68,0.1946,0.74,0.1723
model-1588398318,1588398330.4,0.69,0.2122,0.75,0.1795
model-1588398318,1588398330.427,0.7,0.2068,0.72,0.1843
model-1588398318,1588398330.463,0.7,0.207,0.72,0.1815
model-1588398318,1588398330.492,0.8,0.1723,0.68,0.1951
model-1588398318,1588398330.519,0.67,0.1952,0.7,0.1865
model-1588398318,1588398330.546,0.69,0.1934,0.66,0.2276
model-1588398318,1588398330.575,0.66,0.2035,0.75,0.1918
model-1588398318,1588398330.602,0.76,0.1764,0.66,0.2351
model-1588398318,1588398330.629,0.71,0.2074,0.73,0.1975
model-1588398318,1588398330.656,0.72,0.1956,0.7,0.1964
model-1588398318,1588398330.685,0.74,0.1761,0.72,0.1852
model-1588398318,1588398330.711,0.67,0.1982,0.69,0.2115
model-1588398318,1588398330.74,0.78,0.1912,0.71,0.1787
model-1588398318,1588398330.771,0.73,0.1568,0.7,0.1786
model-1588398318,1588398330.8,0.69,0.183,0.68,0.1822
model-1588398318,1588398330.827,0.68,0.193,0.78,0.1668
model-1588398318,1588398330.854,0.66,0.2148,0.65,0.215
model-1588398318,1588398330.883,0.72,0.1847,0.73,0.1867
model-1588398318,1588398330.904,0.77,0.1897,0.76,0.1631
model-1588398318,1588398330.937,0.71,0.1777,0.73,0.2009
model-1588398318,1588398330.964,0.76,0.1792,0.75,0.174
model-1588398318,1588398330.991,0.66,0.2077,0.7,0.1884
model-1588398318,1588398331.018,0.67,0.1957,0.67,0.21
model-1588398318,1588398331.048,0.72,0.2018,0.73,0.2013
model-1588398318,1588398331.075,0.61,0.2328,0.72,0.1739
model-1588398318,1588398331.102,0.72,0.201,0.66,0.2149
model-1588398318,1588398331.129,0.69,0.2046,0.73,0.1887
model-1588398318,1588398331.163,0.63,0.2277,0.69,0.2021
model-1588398318,1588398331.19,0.72,0.2005,0.65,0.2132
model-1588398318,1588398331.218,0.72,0.1717,0.74,0.1756
model-1588398318,1588398331.247,0.77,0.1605,0.67,0.2127
model-1588398318,1588398331.277,0.67,0.2019,0.72,0.1868
model-1588398318,1588398331.303,0.75,0.1788,0.65,0.2222
model-1588398318,1588398331.33,0.62,0.2207,0.64,0.2254
model-1588398318,1588398331.36,0.71,0.1985,0.73,0.182
model-1588398318,1588398331.39,0.71,0.1915,0.74,0.1743
model-1588398318,1588398331.417,0.65,0.208,0.65,0.2133
model-1588398318,1588398331.446,0.73,0.1719,0.73,0.1722
model-1588398318,1588398331.472,0.68,0.1977,0.61,0.2427
model-1588398318,1588398331.501,0.74,0.1541,0.69,0.2026
model-1588398318,1588398331.528,0.72,0.1977,0.66,0.2184
model-1588398318,1588398331.554,0.72,0.1826,0.79,0.1513
model-1588398318,1588398331.581,0.75,0.1742,0.76,0.1517
model-1588398318,1588398331.609,0.68,0.2039,0.74,0.197
model-1588398318,1588398331.636,0.76,0.1933,0.79,0.1534
model-1588398318,1588398331.663,0.68,0.2047,0.67,0.2021
model-1588398318,1588398331.689,0.72,0.1909,0.63,0.231
model-1588398318,1588398331.718,0.75,0.1645,0.73,0.1744
model-1588398318,1588398331.744,0.72,0.1907,0.76,0.1737
model-1588398318,1588398331.775,0.73,0.1821,0.76,0.164
model-1588398318,1588398331.803,0.69,0.1963,0.81,0.1517
model-1588398318,1588398331.834,0.7,0.2073,0.72,0.2117
model-1588398318,1588398331.861,0.69,0.2145,0.7,0.2072
model-1588398318,1588398331.887,0.72,0.196,0.75,0.1566
model-1588398318,1588398331.914,0.77,0.1684,0.72,0.1724
model-1588398318,1588398331.945,0.72,0.1774,0.75,0.1689
model-1588398318,1588398331.972,0.75,0.1848,0.72,0.1822
model-1588398318,1588398331.999,0.71,0.1725,0.67,0.214
model-1588398318,1588398332.027,0.71,0.1899,0.77,0.1763
model-1588398318,1588398332.056,0.76,0.1659,0.7,0.2183
model-1588398318,1588398332.084,0.65,0.2013,0.82,0.1498
model-1588398318,1588398332.111,0.8,0.173,0.74,0.1989
model-1588398318,1588398332.138,0.76,0.1738,0.74,0.1656
model-1588398318,1588398332.167,0.72,0.1977,0.71,0.1751
model-1588398318,1588398332.193,0.79,0.1627,0.67,0.2062
model-1588398318,1588398332.22,0.76,0.1836,0.74,0.1676
model-1588398318,1588398332.248,0.64,0.2162,0.69,0.214
model-1588398318,1588398332.277,0.72,0.1813,0.64,0.2125
model-1588398318,1588398332.304,0.77,0.1594,0.78,0.1435
model-1588398318,1588398332.331,0.69,0.1966,0.74,0.1752
model-1588398318,1588398332.363,0.73,0.1804,0.67,0.1931
model-1588398318,1588398332.394,0.72,0.1938,0.62,0.2285
model-1588398318,1588398332.421,0.62,0.2474,0.65,0.2274
model-1588398318,1588398332.448,0.74,0.1726,0.7,0.1878
model-1588398318,1588398332.475,0.68,0.1907,0.73,0.1746
model-1588398318,1588398332.506,0.72,0.1927,0.76,0.1544
model-1588398318,1588398332.532,0.66,0.2145,0.79,0.1576
model-1588398318,1588398332.559,0.75,0.1734,0.68,0.2361
model-1588398318,1588398332.586,0.76,0.1806,0.68,0.2095
model-1588398318,1588398332.615,0.73,0.1771,0.74,0.1731
model-1588398318,1588398332.642,0.78,0.1606,0.72,0.1998
model-1588398318,1588398332.668,0.76,0.1599,0.78,0.171
model-1588398318,1588398332.695,0.76,0.1801,0.76,0.1812
model-1588398318,1588398332.724,0.72,0.1836,0.78,0.155
model-1588398318,1588398332.751,0.68,0.1801,0.76,0.1638
model-1588398318,1588398332.778,0.73,0.1813,0.72,0.1772
model-1588398318,1588398332.809,0.78,0.161,0.71,0.2062
model-1588398318,1588398332.839,0.65,0.2051,0.76,0.1646
model-1588398318,1588398332.866,0.72,0.1735,0.68,0.2018
model-1588398318,1588398332.893,0.76,0.174,0.7,0.2043
model-1588398318,1588398332.919,0.8,0.163,0.69,0.1978
model-1588398318,1588398332.95,0.73,0.1785,0.8,0.1627
model-1588398318,1588398332.977,0.66,0.2147,0.73,0.184
model-1588398318,1588398333.004,0.7,0.1819,0.78,0.1494
model-1588398318,1588398333.031,0.68,0.191,0.7,0.2298
model-1588398318,1588398333.06,0.69,0.1958,0.71,0.2035
model-1588398318,1588398333.086,0.78,0.1664,0.67,0.2029
model-1588398318,1588398333.113,0.64,0.2117,0.66,0.2249
model-1588398318,1588398333.14,0.65,0.2073,0.77,0.1641
model-1588398318,1588398333.169,0.72,0.1833,0.69,0.1968
model-1588398318,1588398333.196,0.77,0.1742,0.69,0.2013
model-1588398318,1588398333.223,0.76,0.1704,0.75,0.1661
model-1588398318,1588398333.251,0.72,0.173,0.77,0.1844
model-1588398318,1588398333.28,0.68,0.199,0.76,0.1639
model-1588398318,1588398333.307,0.71,0.2002,0.57,0.2566
model-1588398318,1588398333.334,0.72,0.1834,0.77,0.1628
model-1588398318,1588398333.361,0.74,0.1841,0.75,0.1978
model-1588398318,1588398333.395,0.7,0.2007,0.77,0.1563
model-1588398318,1588398333.423,0.72,0.1869,0.73,0.1881
model-1588398318,1588398333.453,0.82,0.1567,0.71,0.187
model-1588398318,1588398333.484,0.71,0.1853,0.64,0.2183
model-1588398318,1588398333.516,0.67,0.2063,0.75,0.1706
model-1588398318,1588398333.543,0.63,0.2209,0.7,0.1857
model-1588398318,1588398333.57,0.71,0.1854,0.67,0.1957
model-1588398318,1588398333.596,0.75,0.1527,0.69,0.1893
model-1588398318,1588398333.625,0.7,0.1816,0.66,0.221
model-1588398318,1588398333.652,0.69,0.2036,0.71,0.176
model-1588398318,1588398333.679,0.66,0.2211,0.71,0.1825
model-1588398318,1588398333.705,0.73,0.1556,0.75,0.177
model-1588398318,1588398333.735,0.68,0.1876,0.78,0.1569
model-1588398318,1588398333.761,0.71,0.1819,0.65,0.2246
model-1588398318,1588398333.788,0.74,0.1816,0.73,0.1589
model-1588398318,1588398333.818,0.61,0.2288,0.67,0.2244
model-1588398318,1588398333.848,0.79,0.1613,0.72,0.1755
model-1588398318,1588398333.874,0.74,0.1689,0.78,0.1502
model-1588398318,1588398333.9,0.71,0.1737,0.78,0.1746
model-1588398318,1588398333.928,0.74,0.1626,0.69,0.2134
model-1588398318,1588398333.959,0.7,0.1973,0.66,0.2094
model-1588398318,1588398333.987,0.73,0.1919,0.71,0.1839
model-1588398318,1588398334.014,0.74,0.1992,0.68,0.2138
model-1588398318,1588398334.041,0.65,0.2033,0.71,0.1682
model-1588398318,1588398334.07,0.68,0.1989,0.75,0.1872
model-1588398318,1588398334.097,0.65,0.2129,0.79,0.1549
model-1588398318,1588398334.123,0.71,0.1937,0.72,0.1807
model-1588398318,1588398334.15,0.74,0.1764,0.72,0.1847
model-1588398318,1588398334.18,0.72,0.2039,0.75,0.1767
model-1588398318,1588398334.207,0.63,0.2231,0.74,0.162
model-1588398318,1588398334.234,0.72,0.1994,0.69,0.1941
model-1588398318,1588398334.261,0.75,0.1785,0.72,0.1952
model-1588398318,1588398334.291,0.69,0.2007,0.71,0.1925
model-1588398318,1588398334.318,0.65,0.2029,0.64,0.2218
model-1588398318,1588398334.348,0.71,0.1741,0.79,0.17
model-1588398318,1588398334.375,0.74,0.1788,0.65,0.204
model-1588398318,1588398334.41,0.76,0.1683,0.76,0.1746
model-1588398318,1588398334.437,0.68,0.2153,0.71,0.1783
model-1588398318,1588398334.464,0.74,0.1962,0.74,0.1818
model-1588398318,1588398334.491,0.75,0.1729,0.64,0.2015
model-1588398318,1588398334.521,0.78,0.1616,0.75,0.1677
model-1588398318,1588398334.548,0.7,0.1886,0.78,0.1728
model-1588398318,1588398334.574,0.74,0.1691,0.71,0.1731
model-1588398318,1588398334.601,0.78,0.1835,0.72,0.1839
model-1588398318,1588398334.63,0.7,0.1703,0.58,0.2534
model-1588398318,1588398334.657,0.74,0.1692,0.7,0.1847
model-1588398318,1588398334.684,0.75,0.1586,0.74,0.1752
model-1588398318,1588398334.713,0.73,0.1834,0.81,0.1542
model-1588398318,1588398334.744,0.76,0.1526,0.59,0.2401
model-1588398318,1588398334.771,0.7,0.1842,0.75,0.1826
model-1588398318,1588398334.798,0.62,0.2259,0.68,0.2009
model-1588398318,1588398334.826,0.76,0.1668,0.76,0.1549
model-1588398318,1588398334.861,0.8,0.1568,0.7,0.2056
model-1588398318,1588398334.888,0.75,0.1565,0.72,0.1816
model-1588398318,1588398334.915,0.64,0.22,0.76,0.171
model-1588398318,1588398334.942,0.75,0.1771,0.62,0.2181
model-1588398318,1588398334.972,0.75,0.1741,0.65,0.2082
model-1588398318,1588398334.999,0.71,0.2051,0.72,0.1914
model-1588398318,1588398335.026,0.78,0.1643,0.65,0.2329
model-1588398318,1588398335.053,0.63,0.2183,0.78,0.1506
model-1588398318,1588398335.083,0.78,0.1631,0.71,0.193
model-1588398318,1588398335.111,0.8,0.1523,0.8,0.1498
model-1588398318,1588398335.139,0.74,0.1972,0.69,0.1827
model-1588398318,1588398335.166,0.77,0.1564,0.73,0.1805
model-1588398318,1588398335.196,0.69,0.1891,0.7,0.2082
model-1588398318,1588398335.223,0.73,0.1841,0.75,0.1654
model-1588398318,1588398335.25,0.8,0.1678,0.76,0.168
model-1588398318,1588398335.277,0.77,0.1702,0.74,0.1646
model-1588398318,1588398335.306,0.67,0.198,0.78,0.1539
model-1588398318,1588398335.332,0.7,0.1938,0.73,0.1746
model-1588398318,1588398335.359,0.7,0.1981,0.68,0.2059
model-1588398318,1588398335.386,0.73,0.1925,0.78,0.1394
model-1588398318,1588398335.42,0.72,0.1974,0.74,0.1735
model-1588398318,1588398335.447,0.75,0.174,0.67,0.2082
model-1588398318,1588398335.474,0.74,0.1852,0.74,0.1637
model-1588398318,1588398335.501,0.66,0.2314,0.76,0.1503
model-1588398318,1588398335.531,0.63,0.2156,0.74,0.1904
model-1588398318,1588398335.557,0.76,0.1651,0.75,0.1691
model-1588398318,1588398335.584,0.77,0.1748,0.75,0.1511
model-1588398318,1588398335.612,0.77,0.1462,0.79,0.153
model-1588398318,1588398335.643,0.71,0.1932,0.76,0.1623
model-1588398318,1588398335.671,0.72,0.1845,0.67,0.2274
model-1588398318,1588398335.697,0.74,0.169,0.68,0.2084
model-1588398318,1588398335.724,0.72,0.1974,0.81,0.1588
model-1588398318,1588398335.753,0.77,0.16,0.81,0.1345
model-1588398318,1588398335.779,0.8,0.1446,0.8,0.1435
model-1588398318,1588398335.806,0.78,0.1702,0.67,0.2222
model-1588398318,1588398335.832,0.77,0.1714,0.83,0.1449
model-1588398318,1588398335.866,0.75,0.1902,0.79,0.1545
model-1588398318,1588398335.893,0.73,0.1953,0.79,0.1549
model-1588398318,1588398335.919,0.7,0.1863,0.8,0.1629
model-1588398318,1588398335.946,0.68,0.2146,0.78,0.1538
model-1588398318,1588398335.975,0.79,0.1282,0.78,0.1415
model-1588398318,1588398336.001,0.73,0.1829,0.79,0.1512
model-1588398318,1588398336.028,0.66,0.2132,0.77,0.1815
model-1588398318,1588398336.055,0.75,0.1665,0.74,0.1799
model-1588398318,1588398336.084,0.78,0.1656,0.76,0.1582
model-1588398318,1588398336.114,0.76,0.179,0.73,0.178
model-1588398318,1588398336.145,0.75,0.1857,0.7,0.2055
model-1588398318,1588398336.173,0.83,0.1474,0.68,0.1928
model-1588398318,1588398336.202,0.79,0.154,0.8,0.1694
model-1588398318,1588398336.229,0.7,0.1848,0.62,0.2469
model-1588398318,1588398336.256,0.71,0.192,0.7,0.1978
model-1588398318,1588398336.283,0.75,0.1672,0.75,0.1566
model-1588398318,1588398336.312,0.73,0.192,0.72,0.2005
model-1588398318,1588398336.339,0.74,0.1685,0.69,0.2078
model-1588398318,1588398336.365,0.8,0.162,0.64,0.2096
model-1588398318,1588398336.392,0.78,0.1815,0.63,0.2106
model-1588398318,1588398336.425,0.78,0.1474,0.8,0.1418
model-1588398318,1588398336.453,0.79,0.1661,0.71,0.2038
model-1588398318,1588398336.48,0.7,0.1776,0.74,0.1678
model-1588398318,1588398336.507,0.81,0.1542,0.68,0.1912
model-1588398318,1588398336.539,0.78,0.1611,0.65,0.2374
model-1588398318,1588398336.565,0.69,0.213,0.7,0.2102
model-1588398318,1588398336.59,0.72,0.1957,0.74,0.1752
model-1588398318,1588398336.615,0.75,0.158,0.73,0.2043
model-1588398318,1588398336.644,0.76,0.1493,0.74,0.1842
model-1588398318,1588398336.669,0.71,0.1871,0.76,0.1515
model-1588398318,1588398336.695,0.68,0.1942,0.73,0.1812
model-1588398318,1588398336.721,0.69,0.1956,0.67,0.2148
model-1588398318,1588398336.748,0.72,0.1812,0.73,0.1712
model-1588398318,1588398336.773,0.77,0.1565,0.74,0.1915
model-1588398318,1588398336.798,0.7,0.196,0.69,0.1987
model-1588398318,1588398336.825,0.76,0.1777,0.78,0.1783
model-1588398318,1588398336.854,0.72,0.1853,0.75,0.1713
model-1588398318,1588398336.884,0.74,0.1734,0.75,0.1868
model-1588398318,1588398336.913,0.7,0.1941,0.77,0.1804
model-1588398318,1588398336.943,0.72,0.1829,0.74,0.1808
model-1588398318,1588398336.971,0.77,0.157,0.79,0.1703
model-1588398318,1588398336.998,0.69,0.1791,0.67,0.2272
model-1588398318,1588398337.026,0.75,0.184,0.69,0.1832
model-1588398318,1588398337.053,0.78,0.1411,0.77,0.1428
model-1588398318,1588398337.083,0.72,0.1575,0.71,0.2149
model-1588398318,1588398337.109,0.73,0.1738,0.79,0.1465
model-1588398318,1588398337.136,0.72,0.1913,0.72,0.1647
model-1588398318,1588398337.162,0.76,0.1703,0.74,0.173
model-1588398318,1588398337.184,0.83,0.1496,0.62,0.2312
model-1588398318,1588398337.216,0.75,0.1572,0.73,0.1849
model-1588398318,1588398337.244,0.77,0.1631,0.67,0.21
model-1588398318,1588398337.271,0.64,0.2231,0.6,0.2597
model-1588398318,1588398337.297,0.66,0.1842,0.82,0.1519
model-1588398318,1588398337.326,0.72,0.1808,0.67,0.224
model-1588398318,1588398337.353,0.66,0.2012,0.71,0.2094
model-1588398318,1588398337.379,0.68,0.2008,0.71,0.1905
model-1588398318,1588398337.407,0.71,0.1895,0.73,0.1792
model-1588398318,1588398337.444,0.6,0.2062,0.71,0.1925
model-1588398318,1588398337.472,0.68,0.1923,0.74,0.1649
model-1588398318,1588398337.499,0.8,0.1557,0.81,0.1503
model-1588398318,1588398337.525,0.79,0.1611,0.75,0.163
model-1588398318,1588398337.555,0.74,0.1645,0.65,0.2321
model-1588398318,1588398337.582,0.77,0.1639,0.72,0.178
model-1588398318,1588398337.609,0.65,0.2147,0.65,0.2247
model-1588398318,1588398337.636,0.71,0.2028,0.7,0.2047
model-1588398318,1588398337.67,0.75,0.1702,0.76,0.1687
model-1588398318,1588398337.702,0.73,0.1707,0.82,0.138
model-1588398318,1588398337.73,0.78,0.1501,0.79,0.1828
model-1588398318,1588398337.758,0.74,0.1842,0.77,0.1827
model-1588398318,1588398337.787,0.76,0.153,0.76,0.1606
model-1588398318,1588398337.813,0.72,0.1746,0.74,0.1693
model-1588398318,1588398337.84,0.73,0.1768,0.78,0.1537
model-1588398318,1588398337.867,0.73,0.177,0.77,0.1544
model-1588398318,1588398337.9,0.71,0.181,0.79,0.1406
model-1588398318,1588398337.931,0.76,0.1815,0.69,0.1894
model-1588398318,1588398337.958,0.75,0.1818,0.72,0.1702
model-1588398318,1588398337.985,0.76,0.1683,0.73,0.1854
model-1588398318,1588398338.014,0.78,0.1504,0.81,0.1318
model-1588398318,1588398338.041,0.73,0.1662,0.77,0.1548
model-1588398318,1588398338.068,0.75,0.1543,0.74,0.1721
model-1588398318,1588398338.095,0.75,0.1784,0.76,0.1761
model-1588398318,1588398338.124,0.71,0.1934,0.68,0.2225
model-1588398318,1588398338.151,0.72,0.1951,0.78,0.1491
model-1588398318,1588398338.178,0.74,0.178,0.71,0.1852
model-1588398318,1588398338.205,0.8,0.1409,0.67,0.2092
model-1588398318,1588398338.235,0.76,0.1614,0.77,0.1574
model-1588398318,1588398338.262,0.79,0.1589,0.75,0.1841
model-1588398318,1588398338.29,0.78,0.1628,0.8,0.1431
model-1588398318,1588398338.317,0.74,0.1704,0.65,0.2287
model-1588398318,1588398338.351,0.78,0.1455,0.74,0.1645
model-1588398318,1588398338.38,0.74,0.1777,0.7,0.1899
model-1588398318,1588398338.407,0.77,0.1644,0.8,0.1523
model-1588398318,1588398338.436,0.74,0.1726,0.76,0.1674
model-1588398318,1588398338.468,0.77,0.1678,0.67,0.198
model-1588398318,1588398338.495,0.77,0.1504,0.69,0.1967
model-1588398318,1588398338.522,0.78,0.1628,0.77,0.1628
model-1588398318,1588398338.548,0.72,0.1888,0.79,0.1462
model-1588398318,1588398338.577,0.77,0.1646,0.81,0.1426
model-1588398318,1588398338.603,0.8,0.1435,0.74,0.1737
model-1588398318,1588398338.63,0.73,0.1829,0.81,0.1429
model-1588398318,1588398338.658,0.76,0.1724,0.71,0.2055
model-1588398318,1588398338.687,0.74,0.1785,0.71,0.1878
model-1588398318,1588398338.713,0.66,0.2342,0.76,0.1949
model-1588398318,1588398338.741,0.71,0.1711,0.77,0.1631
model-1588398318,1588398338.768,0.72,0.1795,0.7,0.2007
model-1588398318,1588398338.796,0.74,0.1753,0.75,0.1695
model-1588398318,1588398338.823,0.68,0.1983,0.82,0.1533
model-1588398318,1588398338.849,0.79,0.164,0.72,0.1791
model-1588398318,1588398338.876,0.75,0.1642,0.68,0.21
model-1588398318,1588398338.905,0.77,0.1598,0.71,0.1846
model-1588398318,1588398338.936,0.81,0.1384,0.66,0.2268
model-1588398318,1588398338.963,0.75,0.1513,0.66,0.242
model-1588398318,1588398338.989,0.76,0.17,0.73,0.1976
model-1588398318,1588398339.018,0.76,0.1836,0.7,0.1728
model-1588398318,1588398339.046,0.73,0.1736,0.73,0.1697
model-1588398318,1588398339.072,0.71,0.1697,0.71,0.1708
model-1588398318,1588398339.101,0.75,0.1546,0.71,0.2025
model-1588398318,1588398339.131,0.69,0.1813,0.71,0.173
model-1588398318,1588398339.158,0.78,0.1561,0.73,0.1747
model-1588398318,1588398339.185,0.78,0.1539,0.65,0.2235
model-1588398318,1588398339.212,0.78,0.1526,0.79,0.1581
model-1588398318,1588398339.241,0.77,0.1527,0.67,0.2176
model-1588398318,1588398339.268,0.72,0.1889,0.7,0.2039
model-1588398318,1588398339.295,0.77,0.175,0.72,0.187
model-1588398318,1588398339.321,0.74,0.1808,0.67,0.2256
model-1588398318,1588398339.351,0.73,0.1729,0.73,0.1641
model-1588398318,1588398339.377,0.82,0.154,0.76,0.1736
model-1588398318,1588398339.404,0.67,0.2069,0.73,0.1837
model-1588398318,1588398339.433,0.71,0.1858,0.66,0.2157
model-1588398318,1588398339.466,0.76,0.179,0.83,0.1391
model-1588398318,1588398339.493,0.78,0.1537,0.69,0.1971
model-1588398318,1588398339.519,0.8,0.1452,0.71,0.1842
model-1588398318,1588398339.546,0.76,0.1474,0.68,0.1861
model-1588398318,1588398339.576,0.79,0.1691,0.83,0.1461
model-1588398318,1588398339.603,0.73,0.1851,0.75,0.1727
model-1588398318,1588398339.63,0.72,0.1849,0.79,0.1625
model-1588398318,1588398339.657,0.76,0.1547,0.81,0.1578
model-1588398318,1588398339.687,0.74,0.1893,0.74,0.1761
model-1588398318,1588398339.713,0.74,0.1617,0.73,0.1666
model-1588398318,1588398339.74,0.82,0.1425,0.68,0.1993
model-1588398318,1588398339.766,0.69,0.1705,0.72,0.1771
model-1588398318,1588398339.795,0.75,0.1987,0.79,0.1526
model-1588398318,1588398339.821,0.66,0.2188,0.67,0.21
model-1588398318,1588398339.847,0.74,0.1629,0.7,0.2011
model-1588398318,1588398339.874,0.83,0.1346,0.75,0.1803
model-1588398318,1588398339.903,0.74,0.1684,0.79,0.1819
model-1588398318,1588398339.928,0.75,0.1836,0.71,0.1931
model-1588398318,1588398339.959,0.67,0.2245,0.81,0.1395
model-1588398318,1588398339.987,0.76,0.1471,0.63,0.2257
model-1588398318,1588398340.016,0.75,0.181,0.79,0.1507
model-1588398318,1588398340.044,0.76,0.1571,0.82,0.1393
model-1588398318,1588398340.07,0.74,0.1716,0.77,0.1632
model-1588398318,1588398340.096,0.66,0.2113,0.75,0.1611
model-1588398318,1588398340.124,0.78,0.1448,0.63,0.239
model-1588398318,1588398340.149,0.78,0.1563,0.78,0.1594
model-1588398318,1588398340.174,0.77,0.1644,0.74,0.1717
model-1588398318,1588398340.2,0.84,0.1464,0.69,0.1823
model-1588398318,1588398340.229,0.81,0.1601,0.71,0.1947
model-1588398318,1588398340.256,0.76,0.1791,0.71,0.2047
model-1588398318,1588398340.282,0.75,0.1769,0.77,0.1638
model-1588398318,1588398340.307,0.77,0.1695,0.84,0.1352
model-1588398318,1588398340.335,0.74,0.1834,0.82,0.1276
model-1588398318,1588398340.361,0.71,0.1859,0.8,0.1378
model-1588398318,1588398340.386,0.73,0.1742,0.77,0.1633
model-1588398318,1588398340.413,0.76,0.1542,0.76,0.1769
model-1588398318,1588398340.442,0.68,0.1977,0.79,0.1469
model-1588398318,1588398340.47,0.66,0.1925,0.73,0.1801
model-1588398318,1588398340.497,0.72,0.198,0.65,0.2117
model-1588398318,1588398340.523,0.75,0.1594,0.7,0.1858
model-1588398318,1588398340.551,0.71,0.1902,0.77,0.1703
model-1588398318,1588398340.576,0.7,0.1827,0.75,0.1624
model-1588398318,1588398340.602,0.76,0.1557,0.63,0.2501
model-1588398318,1588398340.628,0.73,0.1899,0.75,0.1745
model-1588398318,1588398340.656,0.79,0.1459,0.81,0.146
model-1588398318,1588398340.681,0.74,0.1624,0.75,0.1629
model-1588398318,1588398340.706,0.74,0.1734,0.66,0.2142
model-1588398318,1588398340.732,0.74,0.1892,0.82,0.1352
model-1588398318,1588398340.761,0.78,0.1476,0.81,0.1428
model-1588398318,1588398340.788,0.78,0.1657,0.73,0.1776
model-1588398318,1588398340.814,0.77,0.164,0.71,0.1752
model-1588398318,1588398340.841,0.8,0.1498,0.76,0.1737
model-1588398318,1588398340.869,0.73,0.1642,0.77,0.1559
model-1588398318,1588398340.895,0.71,0.1517,0.79,0.1508
model-1588398318,1588398340.921,0.76,0.144,0.8,0.145
model-1588398318,1588398340.947,0.78,0.1613,0.71,0.1914
model-1588398318,1588398340.98,0.8,0.1411,0.83,0.125
model-1588398318,1588398341.006,0.73,0.172,0.69,0.2011
model-1588398318,1588398341.032,0.71,0.1971,0.69,0.2053
model-1588398318,1588398341.058,0.76,0.1702,0.76,0.146
model-1588398318,1588398341.086,0.72,0.158,0.8,0.1441
model-1588398318,1588398341.111,0.81,0.1323,0.73,0.1896
model-1588398318,1588398341.138,0.74,0.2019,0.8,0.1468
model-1588398318,1588398341.163,0.73,0.1697,0.77,0.163
model-1588398318,1588398341.192,0.78,0.1573,0.79,0.1508
model-1588398318,1588398341.217,0.73,0.1953,0.81,0.1498
model-1588398318,1588398341.245,0.82,0.1371,0.78,0.1517
model-1588398318,1588398341.271,0.67,0.2127,0.76,0.1487
model-1588398318,1588398341.301,0.75,0.1641,0.61,0.2382
model-1588398318,1588398341.33,0.77,0.1505,0.7,0.1944
model-1588398318,1588398341.359,0.73,0.1845,0.72,0.1856
model-1588398318,1588398341.386,0.86,0.1252,0.7,0.1961
model-1588398318,1588398341.414,0.72,0.1854,0.74,0.1831
model-1588398318,1588398341.44,0.72,0.2025,0.73,0.1857
model-1588398318,1588398341.467,0.79,0.1581,0.72,0.1955
model-1588398318,1588398341.496,0.74,0.1649,0.74,0.1803
model-1588398318,1588398341.525,0.68,0.2027,0.65,0.2273
model-1588398318,1588398341.551,0.74,0.1851,0.84,0.1268
model-1588398318,1588398341.576,0.78,0.1861,0.77,0.154
model-1588398318,1588398341.601,0.74,0.189,0.65,0.2226
model-1588398318,1588398341.629,0.71,0.2003,0.75,0.1737
model-1588398318,1588398341.655,0.77,0.1723,0.66,0.1966
model-1588398318,1588398341.682,0.76,0.1786,0.74,0.1839
model-1588398318,1588398341.707,0.69,0.2223,0.78,0.1687
model-1588398318,1588398341.736,0.65,0.2053,0.8,0.1619
model-1588398318,1588398341.762,0.78,0.1607,0.74,0.1648
model-1588398318,1588398341.788,0.77,0.1627,0.75,0.1515
model-1588398318,1588398341.813,0.82,0.1304,0.7,0.1974
model-1588398318,1588398341.841,0.77,0.1695,0.71,0.17
model-1588398318,1588398341.867,0.79,0.1615,0.74,0.1852
model-1588398318,1588398341.893,0.82,0.155,0.69,0.2023
model-1588398318,1588398341.918,0.71,0.1924,0.7,0.1888
model-1588398318,1588398341.947,0.75,0.1424,0.81,0.1532
model-1588398318,1588398341.972,0.83,0.137,0.66,0.2145
model-1588398318,1588398342.003,0.8,0.163,0.82,0.1411
model-1588398318,1588398342.029,0.75,0.1703,0.79,0.1485
model-1588398318,1588398342.059,0.76,0.1721,0.69,0.1972
model-1588398318,1588398342.085,0.77,0.1671,0.79,0.1517
model-1588398318,1588398342.111,0.76,0.1773,0.79,0.1457
model-1588398318,1588398342.138,0.67,0.1949,0.84,0.1166
model-1588398318,1588398342.166,0.82,0.1224,0.8,0.1578
model-1588398318,1588398342.192,0.76,0.162,0.84,0.1256
model-1588398318,1588398342.219,0.7,0.2013,0.69,0.2053
model-1588398318,1588398342.246,0.77,0.1636,0.79,0.141
model-1588398318,1588398342.276,0.78,0.161,0.65,0.2432
model-1588398318,1588398342.302,0.76,0.1602,0.71,0.1788
model-1588398318,1588398342.329,0.77,0.1749,0.74,0.1846
model-1588398318,1588398342.355,0.86,0.1245,0.86,0.1202
model-1588398318,1588398342.384,0.82,0.1408,0.67,0.2062
model-1588398318,1588398342.41,0.74,0.1621,0.83,0.1255
model-1588398318,1588398342.437,0.77,0.1599,0.72,0.1872
model-1588398318,1588398342.464,0.79,0.1451,0.8,0.1662
model-1588398318,1588398342.499,0.73,0.1675,0.75,0.1884
model-1588398318,1588398342.525,0.73,0.1545,0.7,0.1863
model-1588398318,1588398342.551,0.79,0.1446,0.74,0.1775
model-1588398318,1588398342.577,0.76,0.1691,0.74,0.1653
model-1588398318,1588398342.607,0.78,0.1549,0.79,0.1465
model-1588398318,1588398342.632,0.77,0.1571,0.73,0.1818
model-1588398318,1588398342.658,0.73,0.1607,0.78,0.1658
model-1588398318,1588398342.685,0.8,0.1505,0.81,0.1466
model-1588398318,1588398342.713,0.79,0.1587,0.79,0.1461
model-1588398318,1588398342.74,0.71,0.1847,0.7,0.191
model-1588398318,1588398342.765,0.73,0.1795,0.82,0.1314
model-1588398318,1588398342.791,0.74,0.1487,0.76,0.166
model-1588398318,1588398342.82,0.74,0.1511,0.79,0.1573
model-1588398318,1588398342.846,0.72,0.175,0.73,0.169
model-1588398318,1588398342.872,0.7,0.1827,0.67,0.1918
model-1588398318,1588398342.898,0.73,0.1741,0.71,0.1726
model-1588398318,1588398342.925,0.77,0.168,0.83,0.1376
model-1588398318,1588398342.952,0.8,0.1473,0.72,0.187
model-1588398318,1588398342.977,0.74,0.1856,0.82,0.14
model-1588398318,1588398343.008,0.77,0.1609,0.77,0.1704
model-1588398318,1588398343.042,0.75,0.1665,0.72,0.1709
model-1588398318,1588398343.07,0.79,0.1441,0.8,0.1496
model-1588398318,1588398343.096,0.76,0.1771,0.72,0.1717
model-1588398318,1588398343.122,0.73,0.1641,0.74,0.1791
model-1588398318,1588398343.15,0.77,0.1454,0.78,0.1383
model-1588398318,1588398343.175,0.79,0.1545,0.81,0.1395
model-1588398318,1588398343.201,0.75,0.1773,0.71,0.182
model-1588398318,1588398343.228,0.8,0.1309,0.76,0.1742
model-1588398318,1588398343.258,0.77,0.137,0.74,0.1898
model-1588398318,1588398343.284,0.77,0.1605,0.75,0.1731
model-1588398318,1588398343.309,0.78,0.1742,0.81,0.1576
model-1588398318,1588398343.335,0.74,0.1653,0.74,0.1855
model-1588398318,1588398343.356,0.81,0.124,0.82,0.1414
model-1588398318,1588398343.387,0.8,0.1496,0.68,0.2018
model-1588398318,1588398343.414,0.74,0.1548,0.81,0.1389
model-1588398318,1588398343.443,0.69,0.1865,0.72,0.1755
model-1588398318,1588398343.469,0.71,0.1714,0.73,0.1843
model-1588398318,1588398343.502,0.74,0.1718,0.76,0.1545
model-1588398318,1588398343.528,0.69,0.1989,0.74,0.1522
model-1588398318,1588398343.554,0.74,0.1692,0.75,0.1537
model-1588398318,1588398343.58,0.75,0.1799,0.73,0.1881
model-1588398318,1588398343.608,0.66,0.2001,0.72,0.1606
model-1588398318,1588398343.635,0.73,0.1932,0.83,0.1354
model-1588398318,1588398343.661,0.83,0.1344,0.78,0.1585
model-1588398318,1588398343.687,0.8,0.1452,0.65,0.2371
model-1588398318,1588398343.716,0.76,0.1572,0.69,0.1911
model-1588398318,1588398343.743,0.79,0.1421,0.77,0.1656
model-1588398318,1588398343.769,0.75,0.1814,0.69,0.1987
model-1588398318,1588398343.795,0.7,0.1908,0.74,0.1715
model-1588398318,1588398343.826,0.78,0.163,0.8,0.1424
model-1588398318,1588398343.852,0.78,0.1554,0.69,0.2016
model-1588398318,1588398343.879,0.81,0.1313,0.77,0.1717
model-1588398318,1588398343.905,0.74,0.1696,0.74,0.1679
model-1588398318,1588398343.934,0.77,0.1402,0.77,0.1541
model-1588398318,1588398343.961,0.74,0.1565,0.84,0.1407
model-1588398318,1588398343.987,0.72,0.1665,0.72,0.1741
model-1588398318,1588398344.014,0.72,0.1646,0.81,0.1495
model-1588398318,1588398344.048,0.74,0.1661,0.78,0.1477
model-1588398318,1588398344.074,0.78,0.1596,0.73,0.1787
model-1588398318,1588398344.101,0.76,0.17,0.78,0.1603
model-1588398318,1588398344.128,0.74,0.1591,0.74,0.1911
model-1588398318,1588398344.156,0.82,0.1449,0.8,0.1677
model-1588398318,1588398344.182,0.79,0.1491,0.7,0.193
model-1588398318,1588398344.208,0.8,0.1317,0.69,0.2029
model-1588398318,1588398344.236,0.77,0.1504,0.71,0.1946
model-1588398318,1588398344.268,0.73,0.1766,0.68,0.209
model-1588398318,1588398344.297,0.73,0.181,0.74,0.1747
model-1588398318,1588398344.324,0.74,0.1791,0.81,0.1379
model-1588398318,1588398344.35,0.8,0.1313,0.8,0.1581
model-1588398318,1588398344.378,0.79,0.1444,0.75,0.1696
model-1588398318,1588398344.404,0.81,0.1476,0.76,0.1625
model-1588398318,1588398344.43,0.78,0.1451,0.78,0.136
model-1588398318,1588398344.456,0.75,0.1539,0.68,0.18
model-1588398318,1588398344.485,0.84,0.1274,0.65,0.1971
model-1588398318,1588398344.514,0.77,0.1485,0.78,0.1468
model-1588398318,1588398344.541,0.78,0.1595,0.67,0.2144
model-1588398318,1588398344.567,0.74,0.1617,0.73,0.1674
model-1588398318,1588398344.595,0.76,0.1547,0.78,0.1689
model-1588398318,1588398344.621,0.79,0.1483,0.83,0.1278
model-1588398318,1588398344.647,0.76,0.1536,0.74,0.1894
model-1588398318,1588398344.674,0.71,0.1768,0.75,0.1643
model-1588398318,1588398344.702,0.8,0.1597,0.76,0.1499
model-1588398318,1588398344.732,0.83,0.1342,0.77,0.1583
model-1588398318,1588398344.758,0.76,0.169,0.75,0.1583
model-1588398318,1588398344.785,0.81,0.1491,0.84,0.1484
model-1588398318,1588398344.813,0.72,0.1767,0.72,0.1971
model-1588398318,1588398344.839,0.71,0.1869,0.72,0.1929
model-1588398318,1588398344.865,0.75,0.1538,0.74,0.1805
model-1588398318,1588398344.891,0.74,0.1752,0.64,0.2183
model-1588398318,1588398344.919,0.75,0.149,0.71,0.1862
model-1588398318,1588398344.945,0.74,0.163,0.79,0.1511
model-1588398318,1588398344.971,0.77,0.1752,0.77,0.1559
model-1588398318,1588398344.997,0.77,0.1518,0.86,0.1093
model-1588398318,1588398345.026,0.81,0.1422,0.69,0.2193
model-1588398318,1588398345.055,0.8,0.1299,0.76,0.1865
model-1588398318,1588398345.085,0.8,0.1284,0.78,0.1439
model-1588398318,1588398345.111,0.8,0.1573,0.75,0.1819
model-1588398318,1588398345.142,0.74,0.1705,0.74,0.1733
model-1588398318,1588398345.168,0.71,0.1674,0.81,0.163
model-1588398318,1588398345.194,0.8,0.1561,0.76,0.1745
model-1588398318,1588398345.221,0.81,0.1516,0.76,0.1542
model-1588398318,1588398345.25,0.75,0.1689,0.69,0.2099
model-1588398318,1588398345.276,0.83,0.134,0.8,0.1587
model-1588398318,1588398345.302,0.79,0.1394,0.73,0.1837
model-1588398318,1588398345.329,0.81,0.1316,0.67,0.2054
model-1588398318,1588398345.357,0.79,0.1354,0.77,0.1528
model-1588398318,1588398345.382,0.69,0.1852,0.76,0.1669
model-1588398318,1588398345.408,0.76,0.1808,0.74,0.1874
model-1588398318,1588398345.435,0.75,0.1676,0.82,0.1372
model-1588398318,1588398345.466,0.78,0.1586,0.72,0.1653
model-1588398318,1588398345.493,0.77,0.1524,0.84,0.1418
model-1588398318,1588398345.526,0.74,0.1872,0.74,0.168
model-1588398318,1588398345.553,0.74,0.1736,0.76,0.1667
model-1588398318,1588398345.582,0.73,0.1677,0.75,0.1595
model-1588398318,1588398345.608,0.83,0.134,0.69,0.2202
model-1588398318,1588398345.635,0.83,0.1309,0.66,0.1883
model-1588398318,1588398345.661,0.81,0.1348,0.69,0.205
model-1588398318,1588398345.69,0.77,0.1571,0.73,0.1803
model-1588398318,1588398345.715,0.77,0.1661,0.7,0.1991
model-1588398318,1588398345.742,0.71,0.1878,0.79,0.1436
model-1588398318,1588398345.767,0.81,0.1447,0.83,0.132
model-1588398318,1588398345.795,0.73,0.1778,0.73,0.185
model-1588398318,1588398345.821,0.77,0.1558,0.78,0.1673
model-1588398318,1588398345.847,0.84,0.1281,0.71,0.1737
model-1588398318,1588398345.872,0.8,0.1507,0.75,0.1915
model-1588398318,1588398345.902,0.73,0.1826,0.76,0.1686
model-1588398318,1588398345.931,0.72,0.188,0.71,0.1924
model-1588398318,1588398345.957,0.77,0.1538,0.82,0.1223
model-1588398318,1588398345.983,0.88,0.1144,0.68,0.1818
model-1588398318,1588398346.012,0.75,0.1544,0.76,0.1787
model-1588398318,1588398346.039,0.77,0.1635,0.69,0.1917
model-1588398318,1588398346.066,0.69,0.1988,0.77,0.1752
model-1588398318,1588398346.096,0.79,0.1475,0.74,0.1777
model-1588398318,1588398346.125,0.73,0.1809,0.79,0.1412
model-1588398318,1588398346.151,0.82,0.1444,0.72,0.1869
model-1588398318,1588398346.176,0.77,0.1522,0.69,0.1677
model-1588398318,1588398346.203,0.65,0.1953,0.79,0.1442
model-1588398318,1588398346.231,0.8,0.1379,0.74,0.1649
model-1588398318,1588398346.258,0.81,0.1436,0.79,0.1485
model-1588398318,1588398346.284,0.76,0.1597,0.72,0.1599
model-1588398318,1588398346.312,0.86,0.1263,0.75,0.1831
model-1588398318,1588398346.343,0.78,0.1585,0.78,0.1616
model-1588398318,1588398346.369,0.77,0.1688,0.76,0.1503
model-1588398318,1588398346.394,0.77,0.1655,0.76,0.1825
model-1588398318,1588398346.421,0.78,0.1509,0.77,0.158
model-1588398318,1588398346.449,0.73,0.1843,0.63,0.2325
model-1588398318,1588398346.476,0.76,0.1717,0.83,0.1405
model-1588398318,1588398346.502,0.78,0.1725,0.69,0.1914
model-1588398318,1588398346.531,0.78,0.1421,0.74,0.1684
model-1588398318,1588398346.561,0.78,0.1688,0.77,0.154
model-1588398318,1588398346.587,0.74,0.184,0.76,0.1685
model-1588398318,1588398346.612,0.76,0.1722,0.82,0.1451
model-1588398318,1588398346.64,0.8,0.1442,0.78,0.1541
model-1588398318,1588398346.668,0.77,0.1511,0.86,0.1098
model-1588398318,1588398346.695,0.72,0.185,0.76,0.1834
model-1588398318,1588398346.722,0.83,0.1307,0.74,0.151
model-1588398318,1588398346.752,0.77,0.1386,0.73,0.166
model-1588398318,1588398346.783,0.8,0.1303,0.79,0.1398
model-1588398318,1588398346.808,0.79,0.1466,0.7,0.1994
model-1588398318,1588398346.835,0.82,0.1542,0.75,0.1812
model-1588398318,1588398346.861,0.74,0.1568,0.73,0.1837
model-1588398318,1588398346.89,0.8,0.1354,0.74,0.1653
model-1588398318,1588398346.916,0.78,0.1666,0.81,0.1365
model-1588398318,1588398346.942,0.82,0.1383,0.61,0.2357
model-1588398318,1588398346.968,0.83,0.1354,0.71,0.1679
model-1588398318,1588398346.996,0.79,0.1458,0.73,0.1899
model-1588398318,1588398347.021,0.79,0.1357,0.82,0.131
model-1588398318,1588398347.047,0.81,0.1273,0.82,0.131
model-1588398318,1588398347.072,0.81,0.1392,0.79,0.1449
model-1588398318,1588398347.104,0.78,0.1439,0.81,0.1514
model-1588398318,1588398347.132,0.78,0.1529,0.78,0.1433
model-1588398318,1588398347.159,0.68,0.1852,0.84,0.1288
model-1588398318,1588398347.185,0.79,0.1491,0.8,0.1299
model-1588398318,1588398347.214,0.84,0.134,0.74,0.1705
model-1588398318,1588398347.241,0.81,0.1235,0.66,0.238
model-1588398318,1588398347.268,0.73,0.1944,0.71,0.1947
model-1588398318,1588398347.295,0.76,0.1533,0.72,0.1604
model-1588398318,1588398347.324,0.83,0.1306,0.77,0.1536
model-1588398318,1588398347.351,0.79,0.1699,0.76,0.1708
model-1588398318,1588398347.378,0.84,0.1246,0.84,0.1215
model-1588398318,1588398347.405,0.75,0.182,0.76,0.1689
model-1588398318,1588398347.435,0.81,0.1404,0.69,0.2174
model-1588398318,1588398347.462,0.77,0.1588,0.72,0.1851
model-1588398318,1588398347.489,0.74,0.1672,0.81,0.131
model-1588398318,1588398347.516,0.85,0.1075,0.65,0.1992
model-1588398318,1588398347.55,0.78,0.1555,0.79,0.1678
model-1588398318,1588398347.577,0.79,0.1644,0.78,0.1649
model-1588398318,1588398347.603,0.81,0.1494,0.82,0.1327
model-1588398318,1588398347.63,0.78,0.1525,0.69,0.2031
model-1588398318,1588398347.659,0.72,0.2081,0.75,0.1724
model-1588398318,1588398347.686,0.8,0.1588,0.81,0.1588
model-1588398318,1588398347.713,0.76,0.1644,0.76,0.1578
model-1588398318,1588398347.74,0.75,0.173,0.81,0.1427
model-1588398318,1588398347.769,0.69,0.1847,0.82,0.1407
model-1588398318,1588398347.796,0.77,0.1601,0.77,0.1688
model-1588398318,1588398347.823,0.75,0.1712,0.78,0.1742
model-1588398318,1588398347.849,0.68,0.2168,0.77,0.17
model-1588398318,1588398347.878,0.7,0.1882,0.8,0.135
model-1588398318,1588398347.905,0.83,0.1405,0.78,0.1589
model-1588398318,1588398347.933,0.79,0.1591,0.72,0.1874
model-1588398318,1588398347.961,0.82,0.1221,0.67,0.2077
model-1588398318,1588398347.99,0.75,0.1606,0.77,0.1553
model-1588398318,1588398348.017,0.81,0.1509,0.84,0.1355
model-1588398318,1588398348.044,0.83,0.1278,0.79,0.1593
model-1588398318,1588398348.07,0.79,0.1625,0.86,0.1193
model-1588398318,1588398348.099,0.76,0.1375,0.82,0.1313
model-1588398318,1588398348.129,0.86,0.1225,0.7,0.1725
model-1588398318,1588398348.155,0.8,0.1468,0.75,0.1695
model-1588398318,1588398348.181,0.79,0.15,0.75,0.152
model-1588398318,1588398348.21,0.8,0.1585,0.73,0.1594
model-1588398318,1588398348.236,0.79,0.1598,0.67,0.2093
model-1588398318,1588398348.263,0.77,0.1526,0.74,0.1641
model-1588398318,1588398348.289,0.76,0.1674,0.65,0.2237
model-1588398318,1588398348.317,0.84,0.0994,0.67,0.227
model-1588398318,1588398348.343,0.8,0.1478,0.74,0.1881
model-1588398318,1588398348.378,0.75,0.1787,0.77,0.152
model-1588398318,1588398348.405,0.73,0.1603,0.68,0.2251
model-1588398318,1588398348.435,0.79,0.1454,0.75,0.1768
model-1588398318,1588398348.462,0.79,0.1375,0.77,0.1426
model-1588398318,1588398348.488,0.78,0.161,0.77,0.1707
model-1588398318,1588398348.513,0.87,0.1119,0.8,0.146
model-1588398318,1588398348.541,0.85,0.1158,0.74,0.1917
model-1588398318,1588398348.57,0.75,0.1485,0.75,0.1421
model-1588398318,1588398348.595,0.8,0.1407,0.86,0.1073
model-1588398318,1588398348.621,0.82,0.1274,0.79,0.1416
model-1588398318,1588398348.651,0.81,0.1518,0.75,0.1641
model-1588398318,1588398348.676,0.76,0.146,0.71,0.1989
model-1588398318,1588398348.702,0.83,0.1251,0.67,0.2297
model-1588398318,1588398348.728,0.75,0.1537,0.75,0.1744
model-1588398318,1588398348.757,0.83,0.1337,0.79,0.1642
model-1588398318,1588398348.783,0.8,0.1486,0.76,0.1683
model-1588398318,1588398348.809,0.77,0.151,0.72,0.1624
model-1588398318,1588398348.835,0.78,0.1493,0.77,0.1521
model-1588398318,1588398348.864,0.81,0.1456,0.74,0.192
model-1588398318,1588398348.889,0.77,0.1559,0.71,0.1823
model-1588398318,1588398348.915,0.78,0.1668,0.84,0.1098
model-1588398318,1588398348.944,0.78,0.1386,0.72,0.2052
model-1588398318,1588398348.972,0.77,0.1451,0.77,0.1418
model-1588398318,1588398348.998,0.73,0.1558,0.73,0.1643
model-1588398318,1588398349.025,0.75,0.1726,0.76,0.1703
model-1588398318,1588398349.051,0.8,0.1525,0.69,0.203
model-1588398318,1588398349.08,0.81,0.1551,0.65,0.219
model-1588398318,1588398349.106,0.76,0.1574,0.82,0.143
model-1588398318,1588398349.133,0.76,0.1699,0.81,0.1438
model-1588398318,1588398349.163,0.76,0.1536,0.67,0.2226
model-1588398318,1588398349.191,0.77,0.1504,0.73,0.1973
model-1588398318,1588398349.217,0.85,0.1279,0.79,0.1713
model-1588398318,1588398349.243,0.74,0.1681,0.74,0.1814
model-1588398318,1588398349.269,0.8,0.1424,0.86,0.1298
model-1588398318,1588398349.298,0.81,0.1351,0.75,0.169
model-1588398318,1588398349.329,0.79,0.1362,0.84,0.1425
model-1588398318,1588398349.357,0.79,0.1599,0.78,0.1506
model-1588398318,1588398349.383,0.82,0.1183,0.75,0.1737
model-1588398318,1588398349.411,0.79,0.1285,0.68,0.2205
model-1588398318,1588398349.438,0.79,0.1479,0.72,0.1885
model-1588398318,1588398349.464,0.75,0.1664,0.81,0.1162
model-1588398318,1588398349.491,0.81,0.1525,0.75,0.1632
model-1588398318,1588398349.511,0.79,0.1203,0.69,0.21
model-1588398318,1588398349.544,0.8,0.1336,0.68,0.2225
model-1588398318,1588398349.574,0.8,0.1317,0.83,0.135
model-1588398318,1588398349.601,0.8,0.1617,0.76,0.1699
model-1588398318,1588398349.627,0.77,0.1584,0.85,0.1162
model-1588398318,1588398349.655,0.75,0.1579,0.74,0.1607
model-1588398318,1588398349.682,0.72,0.174,0.78,0.1606
model-1588398318,1588398349.708,0.76,0.1539,0.72,0.2096
model-1588398318,1588398349.735,0.75,0.1673,0.75,0.1979
model-1588398318,1588398349.764,0.69,0.1902,0.74,0.1575
model-1588398318,1588398349.789,0.73,0.1829,0.73,0.1798
model-1588398318,1588398349.816,0.81,0.1317,0.77,0.1414
model-1588398318,1588398349.842,0.78,0.1519,0.76,0.1418
model-1588398318,1588398349.87,0.77,0.1601,0.72,0.1652
model-1588398318,1588398349.896,0.82,0.1366,0.77,0.1505
model-1588398318,1588398349.923,0.76,0.158,0.7,0.176
model-1588398318,1588398349.948,0.74,0.1699,0.71,0.1974
model-1588398318,1588398349.977,0.77,0.1529,0.71,0.2013
model-1588398318,1588398350.003,0.82,0.1427,0.77,0.1663
model-1588398318,1588398350.029,0.87,0.1122,0.69,0.1711
model-1588398318,1588398350.055,0.78,0.1602,0.75,0.1661
model-1588398318,1588398350.083,0.83,0.1266,0.78,0.157
model-1588398318,1588398350.108,0.79,0.1422,0.82,0.1537
model-1588398318,1588398350.134,0.78,0.1437,0.77,0.1366
model-1588398318,1588398350.163,0.81,0.1474,0.75,0.1534
model-1588398318,1588398350.195,0.83,0.1403,0.7,0.1992
model-1588398318,1588398350.222,0.81,0.1406,0.68,0.2008
model-1588398318,1588398350.248,0.78,0.156,0.74,0.1968
model-1588398318,1588398350.275,0.74,0.1584,0.74,0.1997
model-1588398318,1588398350.302,0.86,0.1282,0.79,0.1391
model-1588398318,1588398350.328,0.77,0.1369,0.68,0.2047
model-1588398318,1588398350.354,0.8,0.1321,0.74,0.1836
model-1588398318,1588398350.38,0.82,0.1381,0.76,0.1602
model-1588398318,1588398350.408,0.73,0.167,0.74,0.161
model-1588398318,1588398350.434,0.77,0.1576,0.73,0.16
model-1588398318,1588398350.461,0.75,0.1671,0.74,0.1601
model-1588398318,1588398350.487,0.8,0.1323,0.79,0.1489
model-1588398318,1588398350.516,0.83,0.132,0.81,0.1521
model-1588398318,1588398350.542,0.83,0.1317,0.81,0.142
model-1588398318,1588398350.568,0.8,0.1351,0.73,0.1672
model-1588398318,1588398350.598,0.79,0.1405,0.72,0.1783
model-1588398318,1588398350.63,0.8,0.123,0.75,0.1793
model-1588398318,1588398350.657,0.82,0.1284,0.63,0.2217
model-1588398318,1588398350.683,0.81,0.1485,0.67,0.2176
model-1588398318,1588398350.71,0.78,0.1459,0.74,0.1738
model-1588398318,1588398350.739,0.78,0.154,0.73,0.1841
model-1588398318,1588398350.764,0.79,0.1342,0.69,0.1721
model-1588398318,1588398350.79,0.82,0.1239,0.79,0.1344
model-1588398318,1588398350.816,0.78,0.1492,0.75,0.1576
model-1588398318,1588398350.845,0.77,0.1551,0.79,0.1553
model-1588398318,1588398350.871,0.87,0.1133,0.78,0.162
model-1588398318,1588398350.897,0.78,0.145,0.74,0.1585
model-1588398318,1588398350.923,0.82,0.1282,0.8,0.1496
model-1588398318,1588398350.952,0.8,0.1464,0.72,0.1848
model-1588398318,1588398350.978,0.77,0.1726,0.75,0.1759
model-1588398318,1588398351.004,0.76,0.154,0.7,0.1839
model-1588398318,1588398351.034,0.77,0.1572,0.65,0.2343
model-1588398318,1588398351.063,0.83,0.1257,0.82,0.1354
model-1588398318,1588398351.09,0.81,0.142,0.8,0.1404
model-1588398318,1588398351.116,0.76,0.1804,0.81,0.1392
model-1588398318,1588398351.143,0.79,0.1451,0.65,0.2271
model-1588398318,1588398351.171,0.82,0.1375,0.71,0.1776
model-1588398318,1588398351.203,0.82,0.1043,0.73,0.1823
model-1588398318,1588398351.229,0.82,0.1261,0.71,0.1927
model-1588398318,1588398351.256,0.79,0.1517,0.7,0.1932
model-1588398318,1588398351.285,0.79,0.142,0.73,0.1652
model-1588398318,1588398351.311,0.84,0.1263,0.78,0.1471
model-1588398318,1588398351.337,0.83,0.13,0.74,0.1655
model-1588398318,1588398351.364,0.77,0.1518,0.67,0.2034
model-1588398318,1588398351.392,0.8,0.149,0.73,0.1645
model-1588398318,1588398351.419,0.83,0.1264,0.62,0.2421
model-1588398318,1588398351.447,0.85,0.1258,0.76,0.1571
model-1588398318,1588398351.472,0.82,0.1212,0.65,0.2155
model-1588398318,1588398351.502,0.83,0.1221,0.77,0.1892
model-1588398318,1588398351.527,0.71,0.1791,0.62,0.2322
model-1588398318,1588398351.553,0.77,0.1645,0.81,0.1434
model-1588398318,1588398351.58,0.82,0.1422,0.81,0.1388
model-1588398318,1588398351.613,0.8,0.1289,0.8,0.1404
model-1588398318,1588398351.641,0.83,0.1368,0.79,0.1469
model-1588398318,1588398351.669,0.73,0.1849,0.84,0.1155
model-1588398318,1588398351.695,0.78,0.1532,0.82,0.1347
model-1588398318,1588398351.726,0.78,0.1462,0.77,0.1465
model-1588398318,1588398351.752,0.82,0.1189,0.8,0.1418
model-1588398318,1588398351.778,0.81,0.1323,0.85,0.1162
model-1588398318,1588398351.805,0.85,0.1224,0.75,0.1738
model-1588398318,1588398351.834,0.83,0.1408,0.65,0.2333
model-1588398318,1588398351.86,0.82,0.1415,0.72,0.1689
model-1588398318,1588398351.886,0.73,0.1746,0.78,0.1457
model-1588398318,1588398351.916,0.83,0.1177,0.83,0.1213
model-1588398318,1588398351.949,0.76,0.1514,0.76,0.162
model-1588398318,1588398351.979,0.74,0.1492,0.72,0.1695
model-1588398318,1588398352.005,0.91,0.1048,0.72,0.1907
model-1588398318,1588398352.032,0.83,0.1273,0.85,0.1344
model-1588398318,1588398352.061,0.77,0.153,0.68,0.2067
model-1588398318,1588398352.088,0.72,0.18,0.81,0.1345
model-1588398318,1588398352.113,0.78,0.156,0.82,0.1372
model-1588398318,1588398352.139,0.88,0.1048,0.75,0.1938
model-1588398318,1588398352.169,0.81,0.1451,0.81,0.1438
model-1588398318,1588398352.194,0.81,0.1466,0.66,0.2096
model-1588398318,1588398352.227,0.77,0.1724,0.74,0.1594
model-1588398318,1588398352.253,0.79,0.1461,0.78,0.1473
model-1588398318,1588398352.283,0.78,0.1678,0.73,0.1793
model-1588398318,1588398352.309,0.81,0.1453,0.81,0.1401
model-1588398318,1588398352.335,0.82,0.1304,0.8,0.1502
model-1588398318,1588398352.361,0.75,0.1742,0.72,0.1684
model-1588398318,1588398352.389,0.82,0.1208,0.77,0.1638
model-1588398318,1588398352.416,0.81,0.1393,0.79,0.1406
model-1588398318,1588398352.443,0.78,0.1543,0.79,0.1614
model-1588398318,1588398352.47,0.86,0.125,0.62,0.2566
model-1588398318,1588398352.5,0.82,0.1402,0.7,0.1865
model-1588398318,1588398352.526,0.8,0.1563,0.83,0.1269
model-1588398318,1588398352.551,0.75,0.1683,0.78,0.1464
model-1588398318,1588398352.577,0.78,0.1391,0.84,0.1263
model-1588398318,1588398352.61,0.79,0.1576,0.73,0.1715
model-1588398318,1588398352.636,0.78,0.1543,0.81,0.1419
model-1588398318,1588398352.662,0.76,0.1565,0.68,0.2035
model-1588398318,1588398352.689,0.84,0.1089,0.72,0.1738
model-1588398318,1588398352.718,0.8,0.1586,0.78,0.1675
model-1588398318,1588398352.746,0.72,0.1793,0.79,0.1687
model-1588398318,1588398352.772,0.77,0.1497,0.75,0.1653
model-1588398318,1588398352.799,0.82,0.1419,0.86,0.1278
model-1588398318,1588398352.828,0.81,0.1375,0.76,0.1635
model-1588398318,1588398352.854,0.78,0.1534,0.74,0.1629
model-1588398318,1588398352.88,0.83,0.1188,0.8,0.1388
model-1588398318,1588398352.906,0.82,0.1335,0.79,0.1336
model-1588398318,1588398352.934,0.83,0.1125,0.81,0.1594
model-1588398318,1588398352.96,0.82,0.1178,0.77,0.1531
model-1588398318,1588398352.986,0.82,0.1299,0.74,0.1696
model-1588398318,1588398353.012,0.75,0.1486,0.71,0.1798
model-1588398318,1588398353.041,0.83,0.1198,0.72,0.202
model-1588398318,1588398353.068,0.78,0.1537,0.66,0.2143
model-1588398318,1588398353.095,0.84,0.1211,0.82,0.1429
model-1588398318,1588398353.124,0.84,0.1249,0.65,0.2259
model-1588398318,1588398353.154,0.86,0.1042,0.8,0.1598
model-1588398318,1588398353.179,0.78,0.1375,0.75,0.1626
model-1588398318,1588398353.206,0.81,0.1369,0.84,0.1371
model-1588398318,1588398353.237,0.81,0.1415,0.7,0.2122
model-1588398318,1588398353.266,0.74,0.1407,0.74,0.1895
model-1588398318,1588398353.293,0.75,0.153,0.72,0.1862
model-1588398318,1588398353.319,0.72,0.1913,0.8,0.14
model-1588398318,1588398353.346,0.8,0.135,0.8,0.1435
model-1588398318,1588398353.374,0.83,0.1283,0.71,0.2008
model-1588398318,1588398353.4,0.81,0.119,0.66,0.2339
model-1588398318,1588398353.425,0.75,0.185,0.67,0.2294
model-1588398318,1588398353.451,0.77,0.1571,0.6,0.2299
model-1588398318,1588398353.48,0.83,0.1242,0.75,0.1709
model-1588398318,1588398353.507,0.82,0.165,0.71,0.1874
model-1588398318,1588398353.534,0.8,0.1311,0.71,0.1807
model-1588398318,1588398353.561,0.76,0.1651,0.82,0.1302
model-1588398318,1588398353.589,0.83,0.1234,0.76,0.1533
model-1588398318,1588398353.618,0.78,0.1469,0.81,0.1313
model-1588398318,1588398353.645,0.78,0.1612,0.68,0.2157
model-1588398318,1588398353.672,0.88,0.0969,0.78,0.1463
model-1588398318,1588398353.7,0.8,0.1402,0.74,0.1756
model-1588398318,1588398353.726,0.82,0.1418,0.63,0.2412
model-1588398318,1588398353.752,0.81,0.1427,0.78,0.1444
model-1588398318,1588398353.778,0.8,0.1394,0.83,0.1378
model-1588398318,1588398353.806,0.73,0.1924,0.77,0.1736
model-1588398318,1588398353.832,0.81,0.1459,0.78,0.1446
model-1588398318,1588398353.859,0.77,0.1545,0.82,0.1334
model-1588398318,1588398353.885,0.8,0.1514,0.75,0.171
model-1588398318,1588398353.913,0.69,0.2084,0.79,0.1367
model-1588398318,1588398353.939,0.76,0.1556,0.76,0.1811
model-1588398318,1588398353.965,0.77,0.1637,0.78,0.1635
model-1588398318,1588398353.99,0.68,0.2144,0.77,0.1552
model-1588398318,1588398354.02,0.76,0.1684,0.77,0.1693
model-1588398318,1588398354.048,0.83,0.1323,0.71,0.202
model-1588398318,1588398354.075,0.78,0.1606,0.67,0.2045
model-1588398318,1588398354.102,0.88,0.1006,0.75,0.1526
model-1588398318,1588398354.131,0.79,0.1548,0.77,0.1354
model-1588398318,1588398354.158,0.81,0.1471,0.84,0.1136
model-1588398318,1588398354.185,0.83,0.1172,0.78,0.1522
model-1588398318,1588398354.212,0.81,0.1347,0.81,0.1429
model-1588398318,1588398354.245,0.8,0.1336,0.75,0.1635
model-1588398318,1588398354.275,0.86,0.117,0.75,0.1732
model-1588398318,1588398354.302,0.81,0.1444,0.69,0.2239
model-1588398318,1588398354.328,0.82,0.1327,0.8,0.1496
model-1588398318,1588398354.358,0.8,0.1548,0.78,0.1626
model-1588398318,1588398354.388,0.77,0.1567,0.66,0.209
model-1588398318,1588398354.418,0.81,0.1442,0.74,0.1779
model-1588398318,1588398354.446,0.82,0.145,0.68,0.1944
model-1588398318,1588398354.475,0.84,0.0942,0.73,0.1728
model-1588398318,1588398354.502,0.77,0.1429,0.76,0.1534
model-1588398318,1588398354.529,0.78,0.157,0.82,0.1423
model-1588398318,1588398354.556,0.76,0.1493,0.69,0.2248
model-1588398318,1588398354.585,0.83,0.1288,0.77,0.1573
model-1588398318,1588398354.612,0.8,0.1388,0.82,0.152
model-1588398318,1588398354.642,0.81,0.1336,0.74,0.1753
model-1588398318,1588398354.668,0.85,0.1128,0.78,0.15
model-1588398318,1588398354.697,0.88,0.1055,0.76,0.158
model-1588398318,1588398354.724,0.77,0.1447,0.71,0.2074
model-1588398318,1588398354.751,0.84,0.1146,0.78,0.1351
model-1588398318,1588398354.778,0.82,0.1194,0.78,0.1628
model-1588398318,1588398354.807,0.82,0.14,0.71,0.1757
model-1588398318,1588398354.837,0.8,0.1323,0.7,0.2056
model-1588398318,1588398354.864,0.85,0.1109,0.8,0.1495
model-1588398318,1588398354.891,0.76,0.1421,0.78,0.1525
model-1588398318,1588398354.921,0.8,0.1254,0.8,0.1558
model-1588398318,1588398354.948,0.79,0.1534,0.8,0.1408
model-1588398318,1588398354.975,0.74,0.1394,0.68,0.2041
model-1588398318,1588398355.002,0.8,0.126,0.8,0.1516
model-1588398318,1588398355.031,0.84,0.1357,0.75,0.1713
model-1588398318,1588398355.058,0.81,0.1336,0.69,0.1979
model-1588398318,1588398355.085,0.82,0.1578,0.67,0.1973
model-1588398318,1588398355.111,0.8,0.1293,0.7,0.1702
model-1588398318,1588398355.14,0.81,0.1323,0.7,0.2227
model-1588398318,1588398355.167,0.82,0.1287,0.83,0.1447
model-1588398318,1588398355.194,0.77,0.1654,0.79,0.1597
model-1588398318,1588398355.229,0.86,0.1188,0.83,0.132
model-1588398318,1588398355.261,0.86,0.1304,0.82,0.1529
model-1588398318,1588398355.292,0.82,0.1403,0.75,0.1635
model-1588398318,1588398355.319,0.76,0.1576,0.81,0.1602
model-1588398318,1588398355.346,0.82,0.1401,0.74,0.1765
model-1588398318,1588398355.376,0.78,0.1379,0.77,0.1568
model-1588398318,1588398355.403,0.82,0.1248,0.85,0.1372
model-1588398318,1588398355.43,0.76,0.1615,0.77,0.1521
model-1588398318,1588398355.457,0.78,0.1361,0.65,0.1996
model-1588398318,1588398355.486,0.82,0.1223,0.74,0.1823
model-1588398318,1588398355.513,0.86,0.1063,0.79,0.152
model-1588398318,1588398355.54,0.84,0.1405,0.79,0.1501
model-1588398318,1588398355.567,0.88,0.1063,0.77,0.1626
model-1588398318,1588398355.596,0.84,0.1093,0.76,0.1704
model-1588398318,1588398355.624,0.84,0.1234,0.79,0.1447
model-1588398318,1588398355.654,0.78,0.1555,0.72,0.197
model-1588398318,1588398355.683,0.81,0.1352,0.75,0.1641
model-1588398318,1588398355.704,0.9,0.0937,0.84,0.1294
model-1588398318,1588398355.738,0.82,0.1245,0.77,0.1585
model-1588398318,1588398355.764,0.79,0.1233,0.74,0.176
model-1588398318,1588398355.791,0.77,0.1566,0.82,0.1326
model-1588398318,1588398355.817,0.76,0.1479,0.77,0.1551
model-1588398318,1588398355.847,0.76,0.153,0.7,0.1969
model-1588398318,1588398355.873,0.78,0.161,0.73,0.1781
model-1588398318,1588398355.9,0.79,0.138,0.78,0.1693
model-1588398318,1588398355.927,0.8,0.1632,0.71,0.1811
model-1588398318,1588398355.956,0.72,0.1753,0.79,0.1467
model-1588398318,1588398355.983,0.75,0.1764,0.78,0.1439
model-1588398318,1588398356.009,0.81,0.133,0.79,0.1333
model-1588398318,1588398356.037,0.77,0.1482,0.68,0.2133
model-1588398318,1588398356.066,0.8,0.1502,0.77,0.1425
model-1588398318,1588398356.093,0.83,0.1247,0.78,0.1522
model-1588398318,1588398356.12,0.79,0.1493,0.68,0.2195
model-1588398318,1588398356.147,0.74,0.1777,0.79,0.1368
model-1588398318,1588398356.176,0.81,0.1442,0.72,0.1742
model-1588398318,1588398356.203,0.82,0.1342,0.81,0.1451
model-1588398318,1588398356.23,0.86,0.0958,0.75,0.1707
model-1588398318,1588398356.257,0.78,0.154,0.78,0.1682
model-1588398318,1588398356.29,0.84,0.118,0.76,0.1668
model-1588398318,1588398356.32,0.84,0.1261,0.79,0.1552
model-1588398318,1588398356.347,0.87,0.1246,0.84,0.1256
model-1588398318,1588398356.374,0.83,0.1375,0.8,0.1449
model-1588398318,1588398356.403,0.79,0.1338,0.76,0.1851
model-1588398318,1588398356.43,0.76,0.1374,0.74,0.1704
model-1588398318,1588398356.457,0.79,0.1395,0.81,0.1358
model-1588398318,1588398356.484,0.78,0.1342,0.82,0.1293
model-1588398318,1588398356.515,0.83,0.1251,0.82,0.1452
model-1588398318,1588398356.547,0.81,0.1303,0.73,0.1738
model-1588398318,1588398356.577,0.81,0.1198,0.75,0.1625
model-1588398318,1588398356.604,0.83,0.1237,0.77,0.151
model-1588398318,1588398356.636,0.82,0.1457,0.79,0.1563
model-1588398318,1588398356.666,0.78,0.1509,0.69,0.2003
model-1588398318,1588398356.693,0.76,0.1693,0.8,0.1512
model-1588398318,1588398356.72,0.8,0.1314,0.74,0.1728
model-1588398318,1588398356.75,0.82,0.1197,0.7,0.1856
model-1588398318,1588398356.777,0.85,0.1132,0.76,0.1451
model-1588398318,1588398356.804,0.85,0.1151,0.72,0.1785
model-1588398318,1588398356.83,0.82,0.1224,0.81,0.132
model-1588398318,1588398356.861,0.86,0.1048,0.81,0.1364
model-1588398318,1588398356.887,0.83,0.117,0.77,0.1712
model-1588398318,1588398356.914,0.82,0.1258,0.71,0.1757
model-1588398318,1588398356.942,0.81,0.1273,0.74,0.1819
model-1588398318,1588398356.971,0.79,0.144,0.78,0.1618
model-1588398318,1588398356.998,0.8,0.1265,0.71,0.1807
model-1588398318,1588398357.025,0.85,0.1121,0.74,0.1655
model-1588398318,1588398357.052,0.8,0.1369,0.74,0.1616
model-1588398318,1588398357.081,0.81,0.1354,0.75,0.1668
model-1588398318,1588398357.108,0.88,0.1013,0.83,0.1385
model-1588398318,1588398357.135,0.81,0.1397,0.76,0.1687
model-1588398318,1588398357.162,0.81,0.1329,0.64,0.2516
model-1588398318,1588398357.191,0.78,0.1577,0.8,0.1488
model-1588398318,1588398357.218,0.8,0.1452,0.76,0.1372
model-1588398318,1588398357.245,0.8,0.1348,0.78,0.1657
model-1588398318,1588398357.275,0.79,0.1563,0.86,0.1237
model-1588398318,1588398357.307,0.84,0.1146,0.83,0.1493
model-1588398318,1588398357.338,0.8,0.1337,0.74,0.1842
model-1588398318,1588398357.365,0.76,0.1608,0.7,0.1736
model-1588398318,1588398357.391,0.78,0.135,0.74,0.1667
model-1588398318,1588398357.42,0.84,0.1199,0.84,0.1331
model-1588398318,1588398357.447,0.87,0.0838,0.71,0.2242
model-1588398318,1588398357.474,0.82,0.1239,0.72,0.1946
model-1588398318,1588398357.501,0.81,0.1281,0.81,0.1362
model-1588398318,1588398357.529,0.85,0.1175,0.66,0.2079
model-1588398318,1588398357.556,0.87,0.1119,0.79,0.1592
model-1588398318,1588398357.583,0.85,0.1043,0.73,0.1908
model-1588398318,1588398357.61,0.85,0.1176,0.75,0.1796
model-1588398318,1588398357.639,0.82,0.1337,0.77,0.1581
model-1588398318,1588398357.672,0.86,0.1178,0.77,0.1721
model-1588398318,1588398357.699,0.88,0.1146,0.75,0.1656
model-1588398318,1588398357.726,0.82,0.1081,0.78,0.1665
model-1588398318,1588398357.756,0.8,0.1331,0.73,0.1606
model-1588398318,1588398357.782,0.78,0.1669,0.69,0.1979
model-1588398318,1588398357.809,0.79,0.1481,0.75,0.1673
model-1588398318,1588398357.836,0.8,0.1419,0.68,0.2201
model-1588398318,1588398357.865,0.83,0.1396,0.8,0.1603
model-1588398318,1588398357.892,0.8,0.1268,0.66,0.2353
model-1588398318,1588398357.918,0.82,0.1417,0.75,0.1767
model-1588398318,1588398357.945,0.84,0.1316,0.65,0.2294
model-1588398318,1588398357.975,0.83,0.1233,0.75,0.1721
model-1588398318,1588398358.002,0.86,0.1068,0.74,0.1806
model-1588398318,1588398358.028,0.84,0.1131,0.79,0.1425
model-1588398318,1588398358.056,0.84,0.115,0.64,0.2264
model-1588398318,1588398358.085,0.82,0.1372,0.7,0.1837
model-1588398318,1588398358.113,0.8,0.1365,0.78,0.159
model-1588398318,1588398358.142,0.73,0.1737,0.68,0.2108
model-1588398318,1588398358.169,0.85,0.0968,0.66,0.217
model-1588398318,1588398358.198,0.82,0.1285,0.86,0.1076
model-1588398318,1588398358.226,0.83,0.1299,0.71,0.196
model-1588398318,1588398358.253,0.88,0.0958,0.76,0.1641
model-1588398318,1588398358.28,0.88,0.1061,0.82,0.1492
model-1588398318,1588398358.31,0.8,0.1461,0.82,0.1478
model-1588398318,1588398358.347,0.76,0.1653,0.8,0.1477
model-1588398318,1588398358.374,0.79,0.1561,0.69,0.222
model-1588398318,1588398358.401,0.88,0.1015,0.7,0.2034
model-1588398318,1588398358.431,0.8,0.1443,0.8,0.1253
model-1588398318,1588398358.457,0.81,0.144,0.66,0.2408
model-1588398318,1588398358.484,0.76,0.1818,0.75,0.1768
model-1588398318,1588398358.511,0.78,0.1376,0.74,0.1643
model-1588398318,1588398358.547,0.82,0.1446,0.72,0.1832
model-1588398318,1588398358.577,0.85,0.1279,0.71,0.1957
model-1588398318,1588398358.603,0.83,0.1197,0.69,0.1912
model-1588398318,1588398358.63,0.76,0.1639,0.72,0.1715
model-1588398318,1588398358.66,0.83,0.1066,0.71,0.2185
model-1588398318,1588398358.689,0.83,0.1292,0.79,0.1476
model-1588398318,1588398358.716,0.79,0.1381,0.78,0.1489
model-1588398318,1588398358.742,0.87,0.1122,0.71,0.1926
model-1588398318,1588398358.774,0.83,0.1175,0.72,0.1798
model-1588398318,1588398358.809,0.82,0.1266,0.68,0.2162
model-1588398318,1588398358.836,0.82,0.1439,0.82,0.1454
model-1588398318,1588398358.863,0.81,0.1336,0.76,0.1488
model-1588398318,1588398358.892,0.78,0.1422,0.72,0.1867
model-1588398318,1588398358.919,0.81,0.1339,0.84,0.1251
model-1588398318,1588398358.946,0.8,0.1421,0.83,0.1161
model-1588398318,1588398358.972,0.84,0.1075,0.79,0.1313
model-1588398318,1588398359.003,0.85,0.1321,0.82,0.1271
model-1588398318,1588398359.036,0.77,0.1668,0.87,0.1156
model-1588398318,1588398359.069,0.83,0.1157,0.8,0.1305
model-1588398318,1588398359.095,0.82,0.1272,0.75,0.1754
model-1588398318,1588398359.125,0.82,0.1316,0.81,0.132
model-1588398318,1588398359.152,0.78,0.1437,0.76,0.1764
model-1588398318,1588398359.179,0.87,0.0969,0.75,0.1977
model-1588398318,1588398359.205,0.86,0.1155,0.82,0.1324
model-1588398318,1588398359.235,0.84,0.1009,0.72,0.1832
model-1588398318,1588398359.262,0.86,0.0923,0.81,0.1533
model-1588398318,1588398359.289,0.85,0.111,0.82,0.1512
model-1588398318,1588398359.315,0.81,0.1234,0.79,0.1595
model-1588398318,1588398359.344,0.83,0.1271,0.71,0.2066
model-1588398318,1588398359.375,0.82,0.1479,0.71,0.1923
model-1588398318,1588398359.401,0.85,0.1039,0.79,0.1461
model-1588398318,1588398359.431,0.83,0.1188,0.77,0.1438
model-1588398318,1588398359.46,0.9,0.0864,0.64,0.2467
model-1588398318,1588398359.487,0.81,0.1386,0.85,0.1024
model-1588398318,1588398359.513,0.87,0.1192,0.81,0.138
model-1588398318,1588398359.54,0.84,0.1215,0.76,0.1568
model-1588398318,1588398359.569,0.81,0.1104,0.83,0.1384
model-1588398318,1588398359.595,0.8,0.1242,0.79,0.1588
model-1588398318,1588398359.623,0.73,0.1717,0.69,0.2094
model-1588398318,1588398359.65,0.85,0.1194,0.76,0.1734
model-1588398318,1588398359.679,0.81,0.1462,0.73,0.1961
model-1588398318,1588398359.71,0.82,0.1173,0.69,0.2188
model-1588398318,1588398359.737,0.73,0.1938,0.71,0.1759
model-1588398318,1588398359.764,0.77,0.1649,0.82,0.148
model-1588398318,1588398359.792,0.81,0.1284,0.74,0.1684
model-1588398318,1588398359.819,0.79,0.1632,0.79,0.1716
model-1588398318,1588398359.846,0.85,0.1145,0.64,0.2332
model-1588398318,1588398359.872,0.8,0.1602,0.69,0.2228
model-1588398318,1588398359.902,0.84,0.1151,0.72,0.2017
model-1588398318,1588398359.928,0.79,0.1468,0.68,0.2403
model-1588398318,1588398359.955,0.8,0.1408,0.75,0.2035
model-1588398318,1588398359.982,0.82,0.1182,0.75,0.162
model-1588398318,1588398360.011,0.79,0.1493,0.64,0.2326
model-1588398318,1588398360.038,0.82,0.1226,0.67,0.2231
model-1588398318,1588398360.067,0.86,0.1194,0.74,0.1507
model-1588398318,1588398360.095,0.81,0.1367,0.79,0.1527
model-1588398318,1588398360.124,0.72,0.174,0.78,0.1664
model-1588398318,1588398360.151,0.81,0.1362,0.76,0.1779
model-1588398318,1588398360.178,0.79,0.1462,0.81,0.1322
model-1588398318,1588398360.204,0.78,0.1471,0.79,0.1294
model-1588398318,1588398360.234,0.79,0.1516,0.72,0.2077
model-1588398318,1588398360.261,0.77,0.1361,0.8,0.152
model-1588398318,1588398360.288,0.74,0.1486,0.78,0.1479
model-1588398318,1588398360.315,0.73,0.2014,0.77,0.1614
model-1588398318,1588398360.344,0.77,0.1702,0.74,0.1949
model-1588398318,1588398360.374,0.83,0.1242,0.7,0.1889
model-1588398318,1588398360.406,0.85,0.1266,0.72,0.1708
model-1588398318,1588398360.434,0.83,0.114,0.68,0.2031
model-1588398318,1588398360.463,0.81,0.1378,0.71,0.1879
model-1588398318,1588398360.49,0.83,0.1238,0.82,0.1327
model-1588398318,1588398360.517,0.86,0.0989,0.66,0.2099
model-1588398318,1588398360.543,0.88,0.1164,0.71,0.2011
model-1588398318,1588398360.572,0.85,0.1047,0.84,0.1185
model-1588398318,1588398360.599,0.89,0.0985,0.67,0.2061
model-1588398318,1588398360.625,0.82,0.1307,0.76,0.1521
model-1588398318,1588398360.652,0.85,0.1197,0.79,0.1527
model-1588398318,1588398360.681,0.79,0.1578,0.8,0.132
model-1588398318,1588398360.71,0.79,0.1435,0.74,0.1782
model-1588398318,1588398360.738,0.8,0.1326,0.74,0.1813
model-1588398318,1588398360.764,0.84,0.1446,0.71,0.1756
model-1588398318,1588398360.794,0.87,0.0963,0.82,0.14
model-1588398318,1588398360.821,0.8,0.146,0.82,0.1294
model-1588398318,1588398360.848,0.84,0.1303,0.78,0.1527
model-1588398318,1588398360.875,0.82,0.13,0.8,0.1503
model-1588398318,1588398360.904,0.8,0.1374,0.81,0.1307
model-1588398318,1588398360.931,0.83,0.1227,0.85,0.0999
model-1588398318,1588398360.957,0.77,0.1479,0.81,0.1457
model-1588398318,1588398360.983,0.9,0.0873,0.79,0.1471
model-1588398318,1588398361.012,0.88,0.0909,0.85,0.1084
model-1588398318,1588398361.04,0.82,0.1431,0.77,0.183
model-1588398318,1588398361.067,0.8,0.1411,0.69,0.1844
model-1588398318,1588398361.094,0.77,0.1412,0.74,0.1622
model-1588398318,1588398361.123,0.82,0.1279,0.81,0.1216
model-1588398318,1588398361.15,0.79,0.1338,0.68,0.2243
model-1588398318,1588398361.179,0.83,0.1217,0.83,0.1271
model-1588398318,1588398361.206,0.76,0.1596,0.77,0.1662
model-1588398318,1588398361.238,0.76,0.1299,0.72,0.1792
model-1588398318,1588398361.268,0.81,0.1414,0.73,0.1908
model-1588398318,1588398361.295,0.83,0.1205,0.71,0.1913
model-1588398318,1588398361.322,0.82,0.1258,0.8,0.1441
model-1588398318,1588398361.351,0.8,0.1354,0.8,0.1277
model-1588398318,1588398361.379,0.78,0.1429,0.76,0.1605
model-1588398318,1588398361.41,0.8,0.1563,0.79,0.1411
model-1588398318,1588398361.437,0.8,0.1138,0.89,0.1149
model-1588398318,1588398361.466,0.75,0.155,0.78,0.1519
model-1588398318,1588398361.493,0.85,0.123,0.71,0.2063
model-1588398318,1588398361.519,0.75,0.166,0.73,0.1859
model-1588398318,1588398361.548,0.82,0.1203,0.74,0.166
model-1588398318,1588398361.579,0.84,0.1289,0.76,0.1551
model-1588398318,1588398361.606,0.81,0.141,0.87,0.1149
model-1588398318,1588398361.632,0.82,0.1393,0.76,0.176
model-1588398318,1588398361.659,0.82,0.1444,0.79,0.1589
model-1588398318,1588398361.688,0.83,0.1281,0.68,0.2059
model-1588398318,1588398361.719,0.87,0.1113,0.69,0.2235
model-1588398318,1588398361.746,0.79,0.1398,0.78,0.1447
model-1588398318,1588398361.774,0.8,0.1353,0.75,0.1594
model-1588398318,1588398361.804,0.83,0.1118,0.76,0.1587
model-1588398318,1588398361.833,0.87,0.097,0.66,0.2179
model-1588398318,1588398361.859,0.82,0.1508,0.75,0.1729
model-1588398318,1588398361.886,0.87,0.1076,0.85,0.1163
model-1588398318,1588398361.916,0.86,0.1042,0.76,0.1858
model-1588398318,1588398361.943,0.84,0.1218,0.77,0.1547
model-1588398318,1588398361.97,0.76,0.1555,0.8,0.1411
model-1588398318,1588398361.996,0.85,0.1241,0.78,0.1527
model-1588398318,1588398362.02,0.88,0.0824,0.77,0.147
model-1588398318,1588398362.055,0.81,0.1261,0.69,0.2189
model-1588398318,1588398362.082,0.82,0.1182,0.82,0.1394
model-1588398318,1588398362.109,0.83,0.1348,0.78,0.1487
model-1588398318,1588398362.136,0.79,0.1332,0.77,0.1491
model-1588398318,1588398362.166,0.76,0.1571,0.79,0.1541
model-1588398318,1588398362.193,0.75,0.173,0.72,0.1893
model-1588398318,1588398362.22,0.76,0.142,0.74,0.1758
model-1588398318,1588398362.247,0.8,0.1339,0.76,0.1693
model-1588398318,1588398362.276,0.71,0.1864,0.82,0.1483
model-1588398318,1588398362.302,0.8,0.1545,0.72,0.1903
model-1588398318,1588398362.329,0.83,0.1207,0.75,0.158
model-1588398318,1588398362.356,0.83,0.1111,0.8,0.1571
model-1588398318,1588398362.385,0.85,0.111,0.79,0.1525
model-1588398318,1588398362.413,0.83,0.1149,0.82,0.1474
model-1588398318,1588398362.446,0.8,0.1352,0.83,0.1543
model-1588398318,1588398362.473,0.79,0.148,0.81,0.1421
model-1588398318,1588398362.502,0.77,0.1559,0.77,0.1635
model-1588398318,1588398362.528,0.86,0.1226,0.76,0.1565
model-1588398318,1588398362.555,0.87,0.0983,0.66,0.1999
model-1588398318,1588398362.582,0.77,0.1441,0.78,0.1643
model-1588398318,1588398362.613,0.83,0.123,0.79,0.1401
model-1588398318,1588398362.64,0.87,0.1093,0.79,0.1559
model-1588398318,1588398362.667,0.83,0.1311,0.77,0.1723
model-1588398318,1588398362.693,0.77,0.1377,0.8,0.1562
model-1588398318,1588398362.725,0.85,0.1225,0.83,0.1122
model-1588398318,1588398362.754,0.83,0.1108,0.68,0.2084
model-1588398318,1588398362.781,0.85,0.1329,0.65,0.2374
model-1588398318,1588398362.809,0.73,0.1694,0.82,0.1393
model-1588398318,1588398362.84,0.84,0.1233,0.84,0.1137
model-1588398318,1588398362.867,0.81,0.1223,0.81,0.1423
model-1588398318,1588398362.894,0.87,0.1052,0.8,0.1531
model-1588398318,1588398362.921,0.81,0.138,0.77,0.1647
model-1588398318,1588398362.95,0.78,0.1457,0.75,0.1831
model-1588398318,1588398362.976,0.81,0.1349,0.73,0.1958
model-1588398318,1588398363.003,0.79,0.1555,0.72,0.2068
model-1588398318,1588398363.03,0.8,0.1187,0.68,0.2087
model-1588398318,1588398363.06,0.86,0.1129,0.8,0.1583
model-1588398318,1588398363.087,0.85,0.1111,0.77,0.162
model-1588398318,1588398363.114,0.83,0.1199,0.76,0.1565
model-1588398318,1588398363.14,0.85,0.099,0.76,0.1905
model-1588398318,1588398363.171,0.85,0.1089,0.7,0.2015
model-1588398318,1588398363.198,0.78,0.1236,0.76,0.1648
model-1588398318,1588398363.226,0.84,0.1173,0.78,0.148
model-1588398318,1588398363.253,0.83,0.1253,0.78,0.1482
model-1588398318,1588398363.283,0.81,0.1263,0.74,0.1751
model-1588398318,1588398363.31,0.82,0.1242,0.6,0.2427
model-1588398318,1588398363.337,0.84,0.1096,0.78,0.1445
model-1588398318,1588398363.364,0.82,0.1244,0.81,0.1483
model-1588398318,1588398363.394,0.85,0.1218,0.75,0.1841
model-1588398318,1588398363.42,0.88,0.0896,0.85,0.1076
model-1588398318,1588398363.452,0.86,0.125,0.75,0.1857
model-1588398318,1588398363.479,0.82,0.1345,0.77,0.1645
model-1588398318,1588398363.509,0.75,0.1739,0.8,0.1671
model-1588398318,1588398363.536,0.86,0.1139,0.75,0.1574
model-1588398318,1588398363.562,0.84,0.1222,0.73,0.1821
model-1588398318,1588398363.589,0.82,0.1325,0.79,0.1533
model-1588398318,1588398363.619,0.83,0.1055,0.75,0.1676
model-1588398318,1588398363.646,0.81,0.1242,0.69,0.2322
model-1588398318,1588398363.676,0.74,0.1756,0.75,0.1742
model-1588398318,1588398363.706,0.82,0.1318,0.76,0.1606
model-1588398318,1588398363.744,0.93,0.0848,0.7,0.2088
model-1588398318,1588398363.771,0.94,0.0616,0.77,0.1696
model-1588398318,1588398363.798,0.81,0.142,0.76,0.1889
model-1588398318,1588398363.824,0.81,0.1356,0.74,0.1637
model-1588398318,1588398363.854,0.85,0.1113,0.79,0.1298
model-1588398318,1588398363.881,0.86,0.1108,0.67,0.2306
model-1588398318,1588398363.908,0.85,0.106,0.75,0.1789
model-1588398318,1588398363.935,0.83,0.1302,0.78,0.1661
model-1588398318,1588398363.964,0.81,0.1422,0.69,0.1915
model-1588398318,1588398363.991,0.85,0.1057,0.81,0.1615
model-1588398318,1588398364.017,0.85,0.094,0.76,0.1474
model-1588398318,1588398364.044,0.88,0.0855,0.79,0.1514
model-1588398318,1588398364.073,0.84,0.1091,0.78,0.1505
model-1588398318,1588398364.101,0.77,0.1593,0.76,0.1565
model-1588398318,1588398364.13,0.83,0.1268,0.61,0.2298
model-1588398318,1588398364.158,0.83,0.1253,0.73,0.2019
model-1588398318,1588398364.187,0.83,0.1327,0.78,0.1676
model-1588398318,1588398364.213,0.87,0.0948,0.76,0.1641
model-1588398318,1588398364.241,0.86,0.1272,0.74,0.1788
model-1588398318,1588398364.268,0.84,0.1251,0.7,0.182
model-1588398318,1588398364.297,0.85,0.0988,0.77,0.1711
model-1588398318,1588398364.324,0.86,0.0982,0.69,0.2038
model-1588398318,1588398364.351,0.83,0.1092,0.73,0.1686
model-1588398318,1588398364.378,0.85,0.1069,0.82,0.1292
model-1588398318,1588398364.407,0.87,0.1192,0.76,0.1771
model-1588398318,1588398364.433,0.8,0.1303,0.64,0.2265
model-1588398318,1588398364.463,0.8,0.1456,0.76,0.1742
model-1588398318,1588398364.494,0.89,0.0827,0.8,0.1354
model-1588398318,1588398364.525,0.85,0.1066,0.7,0.2296
model-1588398318,1588398364.553,0.81,0.1158,0.72,0.1804
model-1588398318,1588398364.58,0.89,0.084,0.74,0.1622
model-1588398318,1588398364.607,0.89,0.0876,0.76,0.1675
model-1588398318,1588398364.636,0.83,0.1198,0.78,0.1592
model-1588398318,1588398364.663,0.81,0.1374,0.71,0.1983
model-1588398318,1588398364.69,0.77,0.1642,0.72,0.1737
model-1588398318,1588398364.716,0.89,0.0863,0.78,0.1661
model-1588398318,1588398364.747,0.8,0.1447,0.79,0.1448
model-1588398318,1588398364.777,0.75,0.1561,0.73,0.1739
model-1588398318,1588398364.804,0.81,0.1228,0.78,0.1612
model-1588398318,1588398364.83,0.82,0.1221,0.76,0.1767
model-1588398318,1588398364.86,0.81,0.1404,0.82,0.1381
model-1588398318,1588398364.888,0.75,0.1425,0.79,0.1425
model-1588398318,1588398364.915,0.81,0.1237,0.69,0.2071
model-1588398318,1588398364.942,0.75,0.1486,0.72,0.1804
model-1588398318,1588398364.972,0.83,0.1129,0.76,0.1554
model-1588398318,1588398364.998,0.76,0.1614,0.8,0.1471
model-1588398318,1588398365.026,0.78,0.1626,0.68,0.2113
model-1588398318,1588398365.052,0.89,0.098,0.77,0.1663
model-1588398318,1588398365.082,0.85,0.1066,0.72,0.1647
model-1588398318,1588398365.109,0.8,0.1345,0.85,0.1445
model-1588398318,1588398365.136,0.76,0.1802,0.76,0.1619
model-1588398318,1588398365.163,0.81,0.1316,0.7,0.1977
model-1588398318,1588398365.192,0.84,0.1182,0.68,0.1906
model-1588398318,1588398365.219,0.82,0.1265,0.85,0.1209
model-1588398318,1588398365.249,0.81,0.1456,0.7,0.215
model-1588398318,1588398365.276,0.84,0.1059,0.7,0.2077
model-1588398318,1588398365.307,0.82,0.1484,0.85,0.1214
model-1588398318,1588398365.334,0.8,0.1504,0.78,0.1611
model-1588398318,1588398365.361,0.89,0.1075,0.73,0.1876
model-1588398318,1588398365.388,0.82,0.1299,0.81,0.1185
model-1588398318,1588398365.417,0.82,0.1259,0.81,0.1431
model-1588398318,1588398365.443,0.76,0.1571,0.69,0.2157
model-1588398318,1588398365.469,0.89,0.0925,0.79,0.1455
model-1588398318,1588398365.501,0.83,0.111,0.65,0.2164
model-1588398318,1588398365.53,0.88,0.0914,0.81,0.1455
model-1588398318,1588398365.557,0.82,0.1145,0.84,0.1067
model-1588398318,1588398365.584,0.79,0.1419,0.81,0.1673
model-1588398318,1588398365.611,0.82,0.1428,0.8,0.1526
model-1588398318,1588398365.641,0.87,0.0973,0.77,0.1721
model-1588398318,1588398365.668,0.79,0.1386,0.79,0.1526
model-1588398318,1588398365.696,0.81,0.1137,0.73,0.1785
model-1588398318,1588398365.724,0.79,0.1493,0.72,0.1817
model-1588398318,1588398365.756,0.8,0.1307,0.73,0.1927
model-1588398318,1588398365.786,0.85,0.1017,0.74,0.1546
model-1588398318,1588398365.813,0.86,0.1017,0.75,0.1771
model-1588398318,1588398365.84,0.83,0.1285,0.6,0.2974
model-1588398318,1588398365.869,0.75,0.1631,0.8,0.1503
model-1588398318,1588398365.896,0.71,0.1692,0.75,0.1788
model-1588398318,1588398365.923,0.79,0.1471,0.75,0.1721
model-1588398318,1588398365.95,0.83,0.1323,0.79,0.1372
model-1588398318,1588398365.979,0.7,0.1945,0.82,0.1446
model-1588398318,1588398366.006,0.8,0.1354,0.77,0.156
model-1588398318,1588398366.033,0.74,0.1769,0.74,0.1887
model-1588398318,1588398366.06,0.78,0.1318,0.79,0.1657
model-1588398318,1588398366.089,0.81,0.1181,0.83,0.1462
model-1588398318,1588398366.115,0.76,0.1644,0.69,0.1822
model-1588398318,1588398366.142,0.81,0.1299,0.78,0.1597
model-1588398318,1588398366.169,0.77,0.1603,0.81,0.1422
model-1588398318,1588398366.2,0.85,0.105,0.77,0.138
model-1588398318,1588398366.23,0.79,0.131,0.79,0.1605
model-1588398318,1588398366.26,0.78,0.1547,0.65,0.2602
model-1588398318,1588398366.289,0.89,0.1015,0.66,0.2387
model-1588398318,1588398366.318,0.78,0.1345,0.84,0.1367
model-1588398318,1588398366.344,0.81,0.1301,0.82,0.1289
model-1588398318,1588398366.371,0.85,0.1157,0.76,0.1424
model-1588398318,1588398366.397,0.79,0.1482,0.74,0.159
model-1588398318,1588398366.427,0.69,0.1923,0.82,0.1468
model-1588398318,1588398366.453,0.78,0.1564,0.83,0.1301
model-1588398318,1588398366.479,0.79,0.1491,0.83,0.1236
model-1588398318,1588398366.509,0.77,0.1457,0.78,0.1738
model-1588398318,1588398366.543,0.83,0.1291,0.79,0.1471
model-1588398318,1588398366.573,0.84,0.1198,0.82,0.1434
model-1588398318,1588398366.6,0.8,0.1463,0.68,0.2143
model-1588398318,1588398366.627,0.77,0.1821,0.63,0.2336
model-1588398318,1588398366.656,0.81,0.147,0.79,0.1635
model-1588398318,1588398366.682,0.85,0.111,0.8,0.1455
model-1588398318,1588398366.708,0.84,0.1223,0.67,0.229
model-1588398318,1588398366.734,0.87,0.0967,0.73,0.1586
model-1588398318,1588398366.762,0.82,0.1294,0.71,0.1682
model-1588398318,1588398366.792,0.86,0.119,0.81,0.1244
model-1588398318,1588398366.818,0.91,0.0831,0.8,0.1374
model-1588398318,1588398366.844,0.88,0.0976,0.76,0.1723
model-1588398318,1588398366.872,0.88,0.0913,0.86,0.1106
model-1588398318,1588398366.898,0.91,0.0981,0.72,0.1931
model-1588398318,1588398366.924,0.85,0.1121,0.72,0.192
model-1588398318,1588398366.949,0.85,0.1142,0.75,0.1797
model-1588398318,1588398366.977,0.83,0.141,0.8,0.1314
model-1588398318,1588398367.003,0.78,0.1329,0.63,0.228
model-1588398318,1588398367.029,0.83,0.1222,0.77,0.16
model-1588398318,1588398367.054,0.85,0.1214,0.73,0.166
model-1588398318,1588398367.082,0.88,0.082,0.81,0.1292
model-1588398318,1588398367.108,0.85,0.1223,0.8,0.152
model-1588398318,1588398367.136,0.85,0.1213,0.72,0.1955
model-1588398318,1588398367.162,0.83,0.1089,0.81,0.1203
model-1588398318,1588398367.19,0.83,0.1298,0.79,0.1446
model-1588398318,1588398367.216,0.86,0.0948,0.83,0.1421
model-1588398318,1588398367.243,0.85,0.1206,0.77,0.1514
model-1588398318,1588398367.269,0.93,0.0649,0.73,0.1878
model-1588398318,1588398367.298,0.91,0.0808,0.77,0.1476
model-1588398318,1588398367.323,0.82,0.1415,0.76,0.1702
model-1588398318,1588398367.348,0.81,0.1317,0.67,0.2376
model-1588398318,1588398367.374,0.86,0.1113,0.76,0.1728
model-1588398318,1588398367.402,0.85,0.1238,0.75,0.1713
model-1588398318,1588398367.428,0.85,0.1071,0.78,0.1428
model-1588398318,1588398367.454,0.86,0.0928,0.81,0.1318
model-1588398318,1588398367.48,0.78,0.1388,0.75,0.2115
model-1588398318,1588398367.509,0.8,0.1258,0.83,0.1347
model-1588398318,1588398367.542,0.78,0.1559,0.78,0.1474
model-1588398318,1588398367.569,0.85,0.112,0.76,0.1767
model-1588398318,1588398367.595,0.85,0.098,0.71,0.1956
model-1588398318,1588398367.623,0.84,0.1047,0.82,0.1448
model-1588398318,1588398367.649,0.8,0.1425,0.71,0.2295
model-1588398318,1588398367.675,0.75,0.1821,0.75,0.1719
model-1588398318,1588398367.702,0.85,0.1232,0.72,0.205
model-1588398318,1588398367.73,0.81,0.1375,0.79,0.1534
model-1588398318,1588398367.756,0.87,0.1051,0.73,0.1703
model-1588398318,1588398367.784,0.81,0.1504,0.71,0.2032
model-1588398318,1588398367.812,0.8,0.1206,0.8,0.1549
model-1588398318,1588398367.841,0.79,0.1583,0.81,0.1357
model-1588398318,1588398367.866,0.85,0.1259,0.77,0.1643
model-1588398318,1588398367.892,0.84,0.1239,0.77,0.1618
model-1588398318,1588398367.918,0.85,0.1227,0.75,0.1579
model-1588398318,1588398367.946,0.81,0.1141,0.82,0.143
model-1588398318,1588398367.973,0.85,0.1145,0.63,0.216
model-1588398318,1588398368.0,0.75,0.1498,0.74,0.1773
model-1588398318,1588398368.028,0.83,0.1273,0.83,0.1116
model-1588398318,1588398368.057,0.83,0.1131,0.73,0.1576
model-1588398318,1588398368.084,0.85,0.1021,0.69,0.212
model-1588398318,1588398368.109,0.81,0.157,0.74,0.1805
model-1588398318,1588398368.135,0.86,0.1084,0.62,0.2365
model-1588398318,1588398368.164,0.83,0.1229,0.85,0.1111
model-1588398318,1588398368.19,0.84,0.1202,0.72,0.1773
model-1588398318,1588398368.216,0.81,0.1308,0.89,0.1118
model-1588398318,1588398368.243,0.84,0.1161,0.76,0.1747
model-1588398318,1588398368.264,0.92,0.0829,0.76,0.1599
